32546 [Thread-4] INFO  org.apache.storm.zookeeper.ZooKeeper - Session: 0x14bfdb866e4000a closed
32546 [Thread-4-EventThread] INFO  org.apache.storm.zookeeper.ClientCnxn - EventThread shut down
32546 [NIOServerCxn.Factory:0.0.0.0/0.0.0.0:2000] INFO  org.apache.storm.zookeeper.server.NIOServerCnxn - Closed socket connection for client /127.0.0.1:56143 which had sessionid 0x14bfdb866e4000a
32546 [Thread-4] INFO  backtype.storm.utils.StormBoundedExponentialBackoffRetry - The baseSleepTimeMs [1000] the maxSleepTimeMs [30000] the maxRetries [5]
32546 [Thread-4] INFO  org.apache.storm.curator.framework.imps.CuratorFrameworkImpl - Starting
32546 [Thread-4] INFO  org.apache.storm.zookeeper.ZooKeeper - Initiating client connection, connectString=localhost:2000/storm sessionTimeout=20000 watcher=org.apache.storm.curator.ConnectionState@5fb5bb3e
32546 [Thread-4-SendThread(0:0:0:0:0:0:0:1:2000)] INFO  org.apache.storm.zookeeper.ClientCnxn - Opening socket connection to server 0:0:0:0:0:0:0:1/0:0:0:0:0:0:0:1:2000. Will not attempt to authenticate using SASL (unknown error)
32546 [Thread-4-SendThread(0:0:0:0:0:0:0:1:2000)] INFO  org.apache.storm.zookeeper.ClientCnxn - Socket connection established to 0:0:0:0:0:0:0:1/0:0:0:0:0:0:0:1:2000, initiating session
32546 [NIOServerCxn.Factory:0.0.0.0/0.0.0.0:2000] INFO  org.apache.storm.zookeeper.server.NIOServerCnxnFactory - Accepted socket connection from /0:0:0:0:0:0:0:1:56146
32546 [NIOServerCxn.Factory:0.0.0.0/0.0.0.0:2000] INFO  org.apache.storm.zookeeper.server.ZooKeeperServer - Client attempting to establish new session at /0:0:0:0:0:0:0:1:56146
32546 [SyncThread:0] INFO  org.apache.storm.zookeeper.server.ZooKeeperServer - Established session 0x14bfdb866e4000b with negotiated timeout 20000 for client /0:0:0:0:0:0:0:1:56146
32546 [Thread-4-SendThread(0:0:0:0:0:0:0:1:2000)] INFO  org.apache.storm.zookeeper.ClientCnxn - Session establishment complete on server 0:0:0:0:0:0:0:1/0:0:0:0:0:0:0:1:2000, sessionid = 0x14bfdb866e4000b, negotiated timeout = 20000
32546 [Thread-4-EventThread] INFO  org.apache.storm.curator.framework.state.ConnectionStateManager - State change: CONNECTED
32561 [Thread-4] INFO  backtype.storm.daemon.worker - Reading Assignments.
32874 [Thread-4] INFO  backtype.storm.daemon.executor - Loading executor event-filter:[2 2]
32890 [Thread-4] INFO  backtype.storm.daemon.task - Emitting: event-filter __system ["startup"]
32890 [Thread-4] INFO  backtype.storm.daemon.executor - Loaded executor tasks event-filter:[2 2]
32890 [Thread-4] INFO  backtype.storm.daemon.executor - Finished loading executor event-filter:[2 2]
32905 [Thread-8-event-filter] INFO  backtype.storm.daemon.executor - Preparing bolt event-filter:(2)
32905 [Thread-8-event-filter] INFO  org.shirdrn.storm.analytics.utils.RealtimeUtils - Registering indicator calculators:
32905 [Thread-8-event-filter] INFO  org.shirdrn.storm.api.utils.IndicatorCalculatorFactory - Factory registered: 01 <-> org.shirdrn.storm.analytics.calculators.UserDeviceInfoCalculator
32905 [Thread-8-event-filter] INFO  org.shirdrn.storm.api.utils.IndicatorCalculatorFactory - Factory registered: 02 <-> org.shirdrn.storm.analytics.calculators.UserDynamicInfoCalculator
32921 [Thread-4] INFO  backtype.storm.daemon.executor - Loading executor event-stat-persistence:[3 3]
32921 [Thread-8-event-filter] INFO  org.shirdrn.storm.api.utils.IndicatorCalculatorFactory - Factory registered: 12 <-> org.shirdrn.storm.analytics.calculators.OpenAUCalculator
32921 [Thread-4] INFO  backtype.storm.daemon.task - Emitting: event-stat-persistence __system ["startup"]
32921 [Thread-4] INFO  backtype.storm.daemon.executor - Loaded executor tasks event-stat-persistence:[3 3]
32921 [Thread-8-event-filter] INFO  org.shirdrn.storm.api.utils.IndicatorCalculatorFactory - Factory registered: 11 <-> org.shirdrn.storm.analytics.calculators.OpenNUCalculator
32921 [Thread-8-event-filter] INFO  org.shirdrn.storm.api.utils.IndicatorCalculatorFactory - Factory registered: 13 <-> org.shirdrn.storm.analytics.calculators.OpenTimesCalculator
32921 [Thread-4] INFO  backtype.storm.daemon.executor - Finished loading executor event-stat-persistence:[3 3]
32921 [Thread-8-event-filter] INFO  org.shirdrn.storm.api.utils.IndicatorCalculatorFactory - Factory registered: 22 <-> org.shirdrn.storm.analytics.calculators.PlayAUCalculator
32921 [Thread-8-event-filter] INFO  org.shirdrn.storm.api.utils.IndicatorCalculatorFactory - Factory registered: 32 <-> org.shirdrn.storm.analytics.calculators.PlayAUDurationCalculator
32921 [Thread-8-event-filter] INFO  org.shirdrn.storm.api.utils.IndicatorCalculatorFactory - Factory registered: 21 <-> org.shirdrn.storm.analytics.calculators.PlayNUCalculator
32921 [Thread-8-event-filter] INFO  org.shirdrn.storm.api.utils.IndicatorCalculatorFactory - Factory registered: 31 <-> org.shirdrn.storm.analytics.calculators.PlayNUDurationCalculator
32921 [Thread-8-event-filter] INFO  org.shirdrn.storm.api.utils.IndicatorCalculatorFactory - Factory registered: 23 <-> org.shirdrn.storm.analytics.calculators.PlayTimesCalculator
32921 [Thread-8-event-filter] INFO  org.shirdrn.storm.analytics.utils.RealtimeUtils - Registered.
32921 [Thread-4] INFO  backtype.storm.daemon.executor - Loading executor event-stat-persistence:[4 4]
32936 [Thread-10-event-stat-persistence] INFO  backtype.storm.daemon.executor - Preparing bolt event-stat-persistence:(3)
32952 [Thread-4] INFO  backtype.storm.daemon.task - Emitting: event-stat-persistence __system ["startup"]
32952 [Thread-4] INFO  backtype.storm.daemon.executor - Loaded executor tasks event-stat-persistence:[4 4]
32968 [Thread-4] INFO  backtype.storm.daemon.executor - Finished loading executor event-stat-persistence:[4 4]
32968 [Thread-10-event-stat-persistence] INFO  org.shirdrn.storm.analytics.bolts.EventStatResultPersistBolt - Configure: parallelism=3
32968 [Thread-12-event-stat-persistence] INFO  backtype.storm.daemon.executor - Preparing bolt event-stat-persistence:(4)
32968 [Thread-10-event-stat-persistence] INFO  org.shirdrn.storm.spring.SpringContextFactory - Initializing context for: name=realtime, configs=[classpath*:/applicationContext.xml]
32968 [Thread-12-event-stat-persistence] INFO  org.shirdrn.storm.analytics.bolts.EventStatResultPersistBolt - Configure: parallelism=3
32968 [Thread-8-event-filter] INFO  org.shirdrn.storm.api.common.GenericEventHandlerManager - Mapped event handler: 101013 -> org.shirdrn.storm.analytics.handlers.PlayStartEventHandler@7d6556ab
32983 [Thread-8-event-filter] INFO  org.shirdrn.storm.api.common.GenericEventHandlerManager - Mapped event handler: 101010 -> org.shirdrn.storm.analytics.handlers.PlayEndEventHandler@366df14a
32983 [Thread-8-event-filter] INFO  org.shirdrn.storm.api.common.GenericEventHandlerManager - Mapped event handler: 100010 -> org.shirdrn.storm.analytics.handlers.OpenEventHandler@2f79f9e2
32983 [Thread-8-event-filter] INFO  org.shirdrn.storm.api.common.GenericEventHandlerManager - Mapped event handler: 400000 -> org.shirdrn.storm.analytics.handlers.InstallEventHandler@79bd8a7f
32983 [Thread-8-event-filter] INFO  org.shirdrn.storm.api.common.GenericEventHandler - Registered[InstallEventHandler	] 400000 -> 01 -> org.shirdrn.storm.analytics.calculators.UserDeviceInfoCalculator@acfd64a
32983 [Thread-8-event-filter] INFO  org.shirdrn.storm.api.common.GenericEventHandlerManager - Indicator registered for: org.shirdrn.storm.analytics.handlers.InstallEventHandler@79bd8a7f
32983 [Thread-8-event-filter] INFO  org.shirdrn.storm.api.common.GenericEventHandler - Registered[PlayEndEventHandler	] 101010 -> 31 -> org.shirdrn.storm.analytics.calculators.PlayNUDurationCalculator@52fd99d1
32983 [Thread-8-event-filter] INFO  org.shirdrn.storm.api.common.GenericEventHandler - Registered[PlayEndEventHandler	] 101010 -> 32 -> org.shirdrn.storm.analytics.calculators.PlayAUDurationCalculator@77d92e8
32983 [Thread-8-event-filter] INFO  org.shirdrn.storm.api.common.GenericEventHandlerManager - Indicator registered for: org.shirdrn.storm.analytics.handlers.PlayEndEventHandler@366df14a
32983 [Thread-8-event-filter] INFO  org.shirdrn.storm.api.common.GenericEventHandler - Registered[PlayStartEventHandler	] 101013 -> 02 -> org.shirdrn.storm.analytics.calculators.UserDynamicInfoCalculator@4537c12f
32983 [Thread-8-event-filter] INFO  org.shirdrn.storm.api.common.GenericEventHandler - Registered[PlayStartEventHandler	] 101013 -> 21 -> org.shirdrn.storm.analytics.calculators.PlayNUCalculator@4f6c1829
32983 [Thread-8-event-filter] INFO  org.shirdrn.storm.api.common.GenericEventHandler - Registered[PlayStartEventHandler	] 101013 -> 22 -> org.shirdrn.storm.analytics.calculators.PlayAUCalculator@41a6547b
32983 [Thread-8-event-filter] INFO  org.shirdrn.storm.api.common.GenericEventHandler - Registered[PlayStartEventHandler	] 101013 -> 23 -> org.shirdrn.storm.analytics.calculators.PlayTimesCalculator@ef478e9
32983 [Thread-8-event-filter] INFO  org.shirdrn.storm.api.common.GenericEventHandlerManager - Indicator registered for: org.shirdrn.storm.analytics.handlers.PlayStartEventHandler@7d6556ab
32983 [Thread-8-event-filter] INFO  org.shirdrn.storm.api.common.GenericEventHandler - Registered[OpenEventHandler	] 100010 -> 02 -> org.shirdrn.storm.analytics.calculators.UserDynamicInfoCalculator@4537c12f
32983 [Thread-8-event-filter] INFO  org.shirdrn.storm.api.common.GenericEventHandler - Registered[OpenEventHandler	] 100010 -> 11 -> org.shirdrn.storm.analytics.calculators.OpenNUCalculator@542e10aa
32983 [Thread-4] INFO  backtype.storm.daemon.executor - Loading executor event-statistics:[5 5]
32983 [Thread-8-event-filter] INFO  org.shirdrn.storm.api.common.GenericEventHandler - Registered[OpenEventHandler	] 100010 -> 12 -> org.shirdrn.storm.analytics.calculators.OpenAUCalculator@1c483413
32983 [Thread-8-event-filter] INFO  org.shirdrn.storm.api.common.GenericEventHandler - Registered[OpenEventHandler	] 100010 -> 13 -> org.shirdrn.storm.analytics.calculators.OpenTimesCalculator@4852d9e6
32983 [Thread-8-event-filter] INFO  org.shirdrn.storm.api.common.GenericEventHandlerManager - Indicator registered for: org.shirdrn.storm.analytics.handlers.OpenEventHandler@2f79f9e2
32983 [Thread-4] INFO  backtype.storm.daemon.task - Emitting: event-statistics __system ["startup"]
32983 [Thread-4] INFO  backtype.storm.daemon.executor - Loaded executor tasks event-statistics:[5 5]
32983 [Thread-4] INFO  backtype.storm.daemon.executor - Finished loading executor event-statistics:[5 5]
32983 [Thread-14-event-statistics] INFO  backtype.storm.daemon.executor - Preparing bolt event-statistics:(5)
32983 [Thread-14-event-statistics] INFO  org.shirdrn.storm.analytics.utils.RealtimeUtils - Registering indicator calculators:
32983 [Thread-14-event-statistics] INFO  org.shirdrn.storm.analytics.utils.RealtimeUtils - Registered.
32983 [Thread-14-event-statistics] INFO  org.shirdrn.storm.api.common.GenericEventHandlerManager - Mapped event handler: 101013 -> org.shirdrn.storm.analytics.handlers.PlayStartEventHandler@166649ad
32983 [Thread-14-event-statistics] INFO  org.shirdrn.storm.api.common.GenericEventHandlerManager - Mapped event handler: 101010 -> org.shirdrn.storm.analytics.handlers.PlayEndEventHandler@156f0858
32983 [Thread-14-event-statistics] INFO  org.shirdrn.storm.api.common.GenericEventHandlerManager - Mapped event handler: 100010 -> org.shirdrn.storm.analytics.handlers.OpenEventHandler@2c8cd466
32983 [Thread-14-event-statistics] INFO  org.shirdrn.storm.api.common.GenericEventHandlerManager - Mapped event handler: 400000 -> org.shirdrn.storm.analytics.handlers.InstallEventHandler@51cc8b63
32983 [Thread-14-event-statistics] INFO  org.shirdrn.storm.api.common.GenericEventHandler - Registered[InstallEventHandler	] 400000 -> 01 -> org.shirdrn.storm.analytics.calculators.UserDeviceInfoCalculator@acfd64a
32983 [Thread-14-event-statistics] INFO  org.shirdrn.storm.api.common.GenericEventHandlerManager - Indicator registered for: org.shirdrn.storm.analytics.handlers.InstallEventHandler@51cc8b63
32983 [Thread-14-event-statistics] INFO  org.shirdrn.storm.api.common.GenericEventHandler - Registered[PlayEndEventHandler	] 101010 -> 31 -> org.shirdrn.storm.analytics.calculators.PlayNUDurationCalculator@52fd99d1
32983 [Thread-14-event-statistics] INFO  org.shirdrn.storm.api.common.GenericEventHandler - Registered[PlayEndEventHandler	] 101010 -> 32 -> org.shirdrn.storm.analytics.calculators.PlayAUDurationCalculator@77d92e8
32983 [Thread-14-event-statistics] INFO  org.shirdrn.storm.api.common.GenericEventHandlerManager - Indicator registered for: org.shirdrn.storm.analytics.handlers.PlayEndEventHandler@156f0858
32983 [Thread-14-event-statistics] INFO  org.shirdrn.storm.api.common.GenericEventHandler - Registered[PlayStartEventHandler	] 101013 -> 02 -> org.shirdrn.storm.analytics.calculators.UserDynamicInfoCalculator@4537c12f
32983 [Thread-14-event-statistics] INFO  org.shirdrn.storm.api.common.GenericEventHandler - Registered[PlayStartEventHandler	] 101013 -> 21 -> org.shirdrn.storm.analytics.calculators.PlayNUCalculator@4f6c1829
32983 [Thread-14-event-statistics] INFO  org.shirdrn.storm.api.common.GenericEventHandler - Registered[PlayStartEventHandler	] 101013 -> 22 -> org.shirdrn.storm.analytics.calculators.PlayAUCalculator@41a6547b
32999 [Thread-14-event-statistics] INFO  org.shirdrn.storm.api.common.GenericEventHandler - Registered[PlayStartEventHandler	] 101013 -> 23 -> org.shirdrn.storm.analytics.calculators.PlayTimesCalculator@ef478e9
32999 [Thread-14-event-statistics] INFO  org.shirdrn.storm.api.common.GenericEventHandlerManager - Indicator registered for: org.shirdrn.storm.analytics.handlers.PlayStartEventHandler@166649ad
32999 [Thread-14-event-statistics] INFO  org.shirdrn.storm.api.common.GenericEventHandler - Registered[OpenEventHandler	] 100010 -> 02 -> org.shirdrn.storm.analytics.calculators.UserDynamicInfoCalculator@4537c12f
32999 [Thread-14-event-statistics] INFO  org.shirdrn.storm.api.common.GenericEventHandler - Registered[OpenEventHandler	] 100010 -> 11 -> org.shirdrn.storm.analytics.calculators.OpenNUCalculator@542e10aa
32999 [Thread-14-event-statistics] INFO  org.shirdrn.storm.api.common.GenericEventHandler - Registered[OpenEventHandler	] 100010 -> 12 -> org.shirdrn.storm.analytics.calculators.OpenAUCalculator@1c483413
32999 [Thread-14-event-statistics] INFO  org.shirdrn.storm.api.common.GenericEventHandler - Registered[OpenEventHandler	] 100010 -> 13 -> org.shirdrn.storm.analytics.calculators.OpenTimesCalculator@4852d9e6
32999 [Thread-14-event-statistics] INFO  org.shirdrn.storm.api.common.GenericEventHandlerManager - Indicator registered for: org.shirdrn.storm.analytics.handlers.OpenEventHandler@2c8cd466
32999 [Thread-4] INFO  backtype.storm.daemon.executor - Loading executor event-statistics:[6 6]
32999 [Thread-4] INFO  backtype.storm.daemon.task - Emitting: event-statistics __system ["startup"]
32999 [Thread-4] INFO  backtype.storm.daemon.executor - Loaded executor tasks event-statistics:[6 6]
33015 [Thread-16-event-statistics] INFO  backtype.storm.daemon.executor - Preparing bolt event-statistics:(6)
33015 [Thread-4] INFO  backtype.storm.daemon.executor - Finished loading executor event-statistics:[6 6]
33015 [Thread-16-event-statistics] INFO  org.shirdrn.storm.analytics.utils.RealtimeUtils - Registering indicator calculators:
33015 [Thread-16-event-statistics] INFO  org.shirdrn.storm.analytics.utils.RealtimeUtils - Registered.
33015 [Thread-16-event-statistics] INFO  org.shirdrn.storm.api.common.GenericEventHandlerManager - Mapped event handler: 101013 -> org.shirdrn.storm.analytics.handlers.PlayStartEventHandler@64cb2f35
33015 [Thread-16-event-statistics] INFO  org.shirdrn.storm.api.common.GenericEventHandlerManager - Mapped event handler: 101010 -> org.shirdrn.storm.analytics.handlers.PlayEndEventHandler@57887445
33015 [Thread-16-event-statistics] INFO  org.shirdrn.storm.api.common.GenericEventHandlerManager - Mapped event handler: 100010 -> org.shirdrn.storm.analytics.handlers.OpenEventHandler@3f898ae8
33015 [Thread-16-event-statistics] INFO  org.shirdrn.storm.api.common.GenericEventHandlerManager - Mapped event handler: 400000 -> org.shirdrn.storm.analytics.handlers.InstallEventHandler@5efea5ee
33015 [Thread-16-event-statistics] INFO  org.shirdrn.storm.api.common.GenericEventHandler - Registered[InstallEventHandler	] 400000 -> 01 -> org.shirdrn.storm.analytics.calculators.UserDeviceInfoCalculator@acfd64a
33015 [Thread-16-event-statistics] INFO  org.shirdrn.storm.api.common.GenericEventHandlerManager - Indicator registered for: org.shirdrn.storm.analytics.handlers.InstallEventHandler@5efea5ee
33015 [Thread-16-event-statistics] INFO  org.shirdrn.storm.api.common.GenericEventHandler - Registered[PlayEndEventHandler	] 101010 -> 31 -> org.shirdrn.storm.analytics.calculators.PlayNUDurationCalculator@52fd99d1
33015 [Thread-16-event-statistics] INFO  org.shirdrn.storm.api.common.GenericEventHandler - Registered[PlayEndEventHandler	] 101010 -> 32 -> org.shirdrn.storm.analytics.calculators.PlayAUDurationCalculator@77d92e8
33015 [Thread-16-event-statistics] INFO  org.shirdrn.storm.api.common.GenericEventHandlerManager - Indicator registered for: org.shirdrn.storm.analytics.handlers.PlayEndEventHandler@57887445
33015 [Thread-16-event-statistics] INFO  org.shirdrn.storm.api.common.GenericEventHandler - Registered[PlayStartEventHandler	] 101013 -> 02 -> org.shirdrn.storm.analytics.calculators.UserDynamicInfoCalculator@4537c12f
33015 [Thread-16-event-statistics] INFO  org.shirdrn.storm.api.common.GenericEventHandler - Registered[PlayStartEventHandler	] 101013 -> 21 -> org.shirdrn.storm.analytics.calculators.PlayNUCalculator@4f6c1829
33015 [Thread-16-event-statistics] INFO  org.shirdrn.storm.api.common.GenericEventHandler - Registered[PlayStartEventHandler	] 101013 -> 22 -> org.shirdrn.storm.analytics.calculators.PlayAUCalculator@41a6547b
33015 [Thread-16-event-statistics] INFO  org.shirdrn.storm.api.common.GenericEventHandler - Registered[PlayStartEventHandler	] 101013 -> 23 -> org.shirdrn.storm.analytics.calculators.PlayTimesCalculator@ef478e9
33015 [Thread-16-event-statistics] INFO  org.shirdrn.storm.api.common.GenericEventHandlerManager - Indicator registered for: org.shirdrn.storm.analytics.handlers.PlayStartEventHandler@64cb2f35
33015 [Thread-16-event-statistics] INFO  org.shirdrn.storm.api.common.GenericEventHandler - Registered[OpenEventHandler	] 100010 -> 02 -> org.shirdrn.storm.analytics.calculators.UserDynamicInfoCalculator@4537c12f
33015 [Thread-16-event-statistics] INFO  org.shirdrn.storm.api.common.GenericEventHandler - Registered[OpenEventHandler	] 100010 -> 11 -> org.shirdrn.storm.analytics.calculators.OpenNUCalculator@542e10aa
33015 [Thread-16-event-statistics] INFO  org.shirdrn.storm.api.common.GenericEventHandler - Registered[OpenEventHandler	] 100010 -> 12 -> org.shirdrn.storm.analytics.calculators.OpenAUCalculator@1c483413
33015 [Thread-16-event-statistics] INFO  org.shirdrn.storm.api.common.GenericEventHandler - Registered[OpenEventHandler	] 100010 -> 13 -> org.shirdrn.storm.analytics.calculators.OpenTimesCalculator@4852d9e6
33015 [Thread-16-event-statistics] INFO  org.shirdrn.storm.api.common.GenericEventHandlerManager - Indicator registered for: org.shirdrn.storm.analytics.handlers.OpenEventHandler@3f898ae8
33030 [Thread-4] INFO  backtype.storm.daemon.executor - Loading executor kafka-event-reader:[7 7]
33030 [Thread-4] INFO  backtype.storm.daemon.task - Emitting: kafka-event-reader __system ["startup"]
33030 [Thread-4] INFO  backtype.storm.daemon.executor - Loaded executor tasks kafka-event-reader:[7 7]
33046 [Thread-18-kafka-event-reader] INFO  backtype.storm.daemon.executor - Opening spout kafka-event-reader:(7)
33046 [Thread-4] INFO  backtype.storm.daemon.executor - Finished loading executor kafka-event-reader:[7 7]
33046 [Thread-18-kafka-event-reader] INFO  backtype.storm.daemon.executor - Opened spout kafka-event-reader:(7)
33046 [Thread-18-kafka-event-reader] INFO  backtype.storm.daemon.executor - Activating spout kafka-event-reader:(7)
33046 [Thread-18-kafka-event-reader] INFO  backtype.storm.daemon.task - Emitting: kafka-event-reader default [{"event_code":"400000","install_id":"000000HX","udid":"ABCQQQQQQQQQQQQQQQQQQCBA","event_time":"2015-03-03 05:51:12","app_id":"1","os_type":0,"version":"3.1.2","channel":"A-Faster"}]
33046 [Thread-18-kafka-event-reader] INFO  org.shirdrn.storm.analytics.utils.TestUtils$TestSpout - Spout emitted: {"event_code":"400000","install_id":"000000HX","udid":"ABCQQQQQQQQQQQQQQQQQQCBA","event_time":"2015-03-03 05:51:12","app_id":"1","os_type":0,"version":"3.1.2","channel":"A-Faster"}
33066 [Thread-4] INFO  backtype.storm.daemon.executor - Loading executor __system:[-1 -1]
33067 [Thread-4] INFO  backtype.storm.daemon.task - Emitting: __system __system ["startup"]
33068 [Thread-4] INFO  backtype.storm.daemon.executor - Loaded executor tasks __system:[-1 -1]
33071 [Thread-4] INFO  backtype.storm.daemon.executor - Finished loading executor __system:[-1 -1]
33071 [Thread-18-kafka-event-reader] INFO  backtype.storm.daemon.task - Emitting: kafka-event-reader default [{"event_code":"100010","install_id":"000000HX","udid":"ABCQQQQQQQQQQQQQQQQQQCBA","event_time":"2015-03-03 07:11:48"}]
33071 [Thread-18-kafka-event-reader] INFO  org.shirdrn.storm.analytics.utils.TestUtils$TestSpout - Spout emitted: {"event_code":"100010","install_id":"000000HX","udid":"ABCQQQQQQQQQQQQQQQQQQCBA","event_time":"2015-03-03 07:11:48"}
33071 [Thread-20-__system] INFO  backtype.storm.daemon.executor - Preparing bolt __system:(-1)
33071 [Thread-20-__system] INFO  backtype.storm.daemon.executor - Prepared bolt __system:(-1)
33071 [Thread-4] INFO  backtype.storm.daemon.executor - Loading executor __acker:[1 1]
33071 [Thread-4] INFO  backtype.storm.daemon.task - Emitting: __acker __system ["startup"]
33087 [Thread-4] INFO  backtype.storm.daemon.executor - Loaded executor tasks __acker:[1 1]
33087 [Thread-18-kafka-event-reader] INFO  backtype.storm.daemon.task - Emitting: kafka-event-reader default [{"event_code":"100010","install_id":"000000HX","udid":"ABCQQQQQQQQQQQQQQQQQQCBA","event_time":"2015-03-03 08:45:09"}]
33087 [Thread-18-kafka-event-reader] INFO  org.shirdrn.storm.analytics.utils.TestUtils$TestSpout - Spout emitted: {"event_code":"100010","install_id":"000000HX","udid":"ABCQQQQQQQQQQQQQQQQQQCBA","event_time":"2015-03-03 08:45:09"}
33090 [Thread-4] INFO  backtype.storm.daemon.executor - Timeouts disabled for executor __acker:[1 1]
33090 [Thread-22-__acker] INFO  backtype.storm.daemon.executor - Preparing bolt __acker:(1)
33090 [Thread-4] INFO  backtype.storm.daemon.executor - Finished loading executor __acker:[1 1]
33091 [Thread-4] INFO  backtype.storm.daemon.worker - Launching receive-thread for a8b73474-6683-49ea-bfa8-d87570829959:1024
33093 [Thread-18-kafka-event-reader] INFO  backtype.storm.daemon.task - Emitting: kafka-event-reader default [{"event_code":"101013","install_id":"000000HX","udid":"ABCQQQQQQQQQQQQQQQQQQCBA","event_time":"2015-03-03 08:00:15"}]
33093 [Thread-18-kafka-event-reader] INFO  org.shirdrn.storm.analytics.utils.TestUtils$TestSpout - Spout emitted: {"event_code":"101013","install_id":"000000HX","udid":"ABCQQQQQQQQQQQQQQQQQQCBA","event_time":"2015-03-03 08:00:15"}
33093 [Thread-23-worker-receiver-thread-0] INFO  backtype.storm.messaging.loader - Starting receive-thread: [stormId: RealtimeAnalyticsTopology-1-1425890906, port: 1024, thread-id: 0 ]
33093 [Thread-22-__acker] INFO  backtype.storm.daemon.executor - Prepared bolt __acker:(1)
33093 [Thread-4] INFO  backtype.storm.daemon.worker - Worker has topology config {"storm.id" "RealtimeAnalyticsTopology-1-1425890906", "dev.zookeeper.path" "/tmp/dev-storm-zookeeper", "topology.tick.tuple.freq.secs" nil, "topology.builtin.metrics.bucket.size.secs" 60, "topology.fall.back.on.java.serialization" true, "topology.max.error.report.per.interval" 5, "zmq.linger.millis" 0, "topology.skip.missing.kryo.registrations" true, "storm.messaging.netty.client_worker_threads" 1, "ui.childopts" "-Xmx768m", "storm.zookeeper.session.timeout" 20000, "nimbus.reassign" true, "topology.trident.batch.emit.interval.millis" 50, "storm.messaging.netty.flush.check.interval.ms" 10, "nimbus.monitor.freq.secs" 10, "logviewer.childopts" "-Xmx128m", "java.library.path" "/usr/local/lib:/opt/local/lib:/usr/lib", "topology.executor.send.buffer.size" 1024, "storm.local.dir" "C:\\Users\\yanjun\\AppData\\Local\\Temp\\6be5b3c5-cdc2-4aeb-b840-b7ab98abe4c8", "storm.messaging.netty.buffer_size" 5242880, "supervisor.worker.start.timeout.secs" 120, "topology.enable.message.timeouts" true, "nimbus.cleanup.inbox.freq.secs" 600, "nimbus.inbox.jar.expiration.secs" 3600, "drpc.worker.threads" 64, "storm.meta.serialization.delegate" "backtype.storm.serialization.DefaultSerializationDelegate", "topology.worker.shared.thread.pool.size" 4, "nimbus.host" "localhost", "storm.messaging.netty.min_wait_ms" 100, "storm.zookeeper.port" 2000, "transactional.zookeeper.port" nil, "topology.executor.receive.buffer.size" 1024, "transactional.zookeeper.servers" nil, "storm.zookeeper.root" "/storm", "storm.zookeeper.retry.intervalceiling.millis" 30000, "supervisor.enable" true, "storm.messaging.netty.server_worker_threads" 1, "storm.zookeeper.servers" ["localhost"], "transactional.zookeeper.root" "/transactional", "topology.acker.executors" nil, "topology.kryo.decorators" (), "topology.name" "RealtimeAnalyticsTopology", "topology.transfer.buffer.size" 1024, "topology.worker.childopts" nil, "drpc.queue.size" 128, "worker.childopts" "-Xmx768m", "supervisor.heartbeat.frequency.secs" 5, "topology.error.throttle.interval.secs" 10, "zmq.hwm" 0, "drpc.port" 3772, "supervisor.monitor.frequency.secs" 3, "drpc.childopts" "-Xmx768m", "topology.receiver.buffer.size" 8, "task.heartbeat.frequency.secs" 3, "topology.tasks" nil, "storm.messaging.netty.max_retries" 300, "topology.spout.wait.strategy" "backtype.storm.spout.SleepSpoutWaitStrategy", "nimbus.thrift.max_buffer_size" 1048576, "topology.max.spout.pending" nil, "storm.zookeeper.retry.interval" 1000, "topology.sleep.spout.wait.strategy.time.ms" 1, "nimbus.topology.validator" "backtype.storm.nimbus.DefaultTopologyValidator", "supervisor.slots.ports" (1024 1025 1026), "topology.environment" nil, "topology.debug" true, "nimbus.task.launch.secs" 120, "nimbus.supervisor.timeout.secs" 60, "topology.kryo.register" nil, "topology.message.timeout.secs" 30, "task.refresh.poll.secs" 10, "topology.workers" 1, "supervisor.childopts" "-Xmx256m", "nimbus.thrift.port" 6627, "topology.stats.sample.rate" 0.05, "worker.heartbeat.frequency.secs" 1, "topology.tuple.serializer" "backtype.storm.serialization.types.ListDelegateSerializer", "topology.disruptor.wait.strategy" "com.lmax.disruptor.BlockingWaitStrategy", "topology.multilang.serializer" "backtype.storm.multilang.JsonSerializer", "nimbus.task.timeout.secs" 30, "storm.zookeeper.connection.timeout" 15000, "topology.kryo.factory" "backtype.storm.serialization.DefaultKryoFactory", "drpc.invocations.port" 3773, "logviewer.port" 8000, "zmq.threads" 1, "storm.zookeeper.retry.times" 5, "topology.worker.receiver.thread.count" 1, "storm.thrift.transport" "backtype.storm.security.auth.SimpleTransportPlugin", "topology.state.synchronization.timeout.secs" 60, "supervisor.worker.timeout.secs" 30, "nimbus.file.copy.expiration.secs" 600, "storm.messaging.transport" "backtype.storm.messaging.netty.Context", "logviewer.appender.name" "A1", "storm.messaging.netty.max_wait_ms" 1000, "drpc.request.timeout.secs" 600, "storm.local.mode.zmq" false, "ui.port" 8080, "nimbus.childopts" "-Xmx1024m", "storm.cluster.mode" "local", "topology.max.task.parallelism" nil, "storm.messaging.netty.transfer.batch.size" 262144, "topology.classpath" nil}
33093 [Thread-4] INFO  backtype.storm.daemon.worker - Worker 7f5162bc-f928-4323-9a93-f9653aaa148e for storm RealtimeAnalyticsTopology-1-1425890906 on a8b73474-6683-49ea-bfa8-d87570829959:1024 has finished loading
33110 [Thread-18-kafka-event-reader] INFO  backtype.storm.daemon.task - Emitting: kafka-event-reader default [{"event_code":"101013","install_id":"000000HX","udid":"ABCQQQQQQQQQQQQQQQQQQCBA","event_time":"2015-03-03 09:09:57"}]
33110 [Thread-18-kafka-event-reader] INFO  org.shirdrn.storm.analytics.utils.TestUtils$TestSpout - Spout emitted: {"event_code":"101013","install_id":"000000HX","udid":"ABCQQQQQQQQQQQQQQQQQQCBA","event_time":"2015-03-03 09:09:57"}
33110 [Thread-10-event-stat-persistence] INFO  org.springframework.context.support.ClassPathXmlApplicationContext - Refreshing org.springframework.context.support.ClassPathXmlApplicationContext@25719f5c: startup date [Mon Mar 09 16:48:27 CST 2015]; root of context hierarchy
33125 [Thread-18-kafka-event-reader] INFO  backtype.storm.daemon.task - Emitting: kafka-event-reader default [{"event_code":"101013","install_id":"000000HX","udid":"ABCQQQQQQQQQQQQQQQQQQCBA","event_time":"2015-03-03 09:10:07"}]
33125 [Thread-18-kafka-event-reader] INFO  org.shirdrn.storm.analytics.utils.TestUtils$TestSpout - Spout emitted: {"event_code":"101013","install_id":"000000HX","udid":"ABCQQQQQQQQQQQQQQQQQQCBA","event_time":"2015-03-03 09:10:07"}
33130 [Thread-18-kafka-event-reader] INFO  backtype.storm.daemon.task - Emitting: kafka-event-reader default [{"event_code":"101013","install_id":"000000HX","udid":"ABCQQQQQQQQQQQQQQQQQQCBA","event_time":"2015-03-03 09:10:50"}]
33130 [Thread-18-kafka-event-reader] INFO  org.shirdrn.storm.analytics.utils.TestUtils$TestSpout - Spout emitted: {"event_code":"101013","install_id":"000000HX","udid":"ABCQQQQQQQQQQQQQQQQQQCBA","event_time":"2015-03-03 09:10:50"}
33135 [Thread-18-kafka-event-reader] INFO  backtype.storm.daemon.task - Emitting: kafka-event-reader default [{"event_code":"101013","install_id":"000000HX","udid":"ABCQQQQQQQQQQQQQQQQQQCBA","event_time":"2015-03-03 09:09:57"}]
33136 [Thread-18-kafka-event-reader] INFO  org.shirdrn.storm.analytics.utils.TestUtils$TestSpout - Spout emitted: {"event_code":"101013","install_id":"000000HX","udid":"ABCQQQQQQQQQQQQQQQQQQCBA","event_time":"2015-03-03 09:09:57"}
33152 [Thread-18-kafka-event-reader] INFO  backtype.storm.daemon.task - Emitting: kafka-event-reader default [{"event_code":"101013","install_id":"000000HX","udid":"ABCQQQQQQQQQQQQQQQQQQCBA","event_time":"2015-03-03 19:09:57"}]
33153 [Thread-18-kafka-event-reader] INFO  org.shirdrn.storm.analytics.utils.TestUtils$TestSpout - Spout emitted: {"event_code":"101013","install_id":"000000HX","udid":"ABCQQQQQQQQQQQQQQQQQQCBA","event_time":"2015-03-03 19:09:57"}
33153 [Thread-10-event-stat-persistence] INFO  org.springframework.beans.factory.xml.XmlBeanDefinitionReader - Loading XML bean definitions from URL [file:/C:/Users/yanjun/git/storm-realtime/storm-realtime-analytics/target/classes/applicationContext.xml]
33169 [Thread-18-kafka-event-reader] INFO  backtype.storm.daemon.task - Emitting: kafka-event-reader default [{"event_code":"101010","install_id":"000000HX","udid":"ABCQQQQQQQQQQQQQQQQQQCBA","event_time":"2015-03-03 08:12:39","duration":"189"}]
33169 [Thread-18-kafka-event-reader] INFO  org.shirdrn.storm.analytics.utils.TestUtils$TestSpout - Spout emitted: {"event_code":"101010","install_id":"000000HX","udid":"ABCQQQQQQQQQQQQQQQQQQCBA","event_time":"2015-03-03 08:12:39","duration":"189"}
33174 [Thread-18-kafka-event-reader] INFO  backtype.storm.daemon.task - Emitting: kafka-event-reader default [{"event_code":"101010","install_id":"000000HX","udid":"ABCQQQQQQQQQQQQQQQQQQCBA","event_time":"2015-03-03 09:42:46","duration":"381"}]
33174 [Thread-18-kafka-event-reader] INFO  org.shirdrn.storm.analytics.utils.TestUtils$TestSpout - Spout emitted: {"event_code":"101010","install_id":"000000HX","udid":"ABCQQQQQQQQQQQQQQQQQQCBA","event_time":"2015-03-03 09:42:46","duration":"381"}
33179 [Thread-18-kafka-event-reader] INFO  backtype.storm.daemon.task - Emitting: kafka-event-reader default [{"event_code":"101010","install_id":"000000HX","udid":"ABCQQQQQQQQQQQQQQQQQQCBA","event_time":"2015-03-03 10:42:46","duration":"99"}]
33179 [Thread-18-kafka-event-reader] INFO  org.shirdrn.storm.analytics.utils.TestUtils$TestSpout - Spout emitted: {"event_code":"101010","install_id":"000000HX","udid":"ABCQQQQQQQQQQQQQQQQQQCBA","event_time":"2015-03-03 10:42:46","duration":"99"}
33184 [Thread-18-kafka-event-reader] INFO  backtype.storm.daemon.task - Emitting: kafka-event-reader default [{"event_code":"101010","install_id":"000000HX","udid":"ABCQQQQQQQQQQQQQQQQQQCBA","event_time":"2015-03-03 11:42:46","duration":"147"}]
33185 [Thread-18-kafka-event-reader] INFO  org.shirdrn.storm.analytics.utils.TestUtils$TestSpout - Spout emitted: {"event_code":"101010","install_id":"000000HX","udid":"ABCQQQQQQQQQQQQQQQQQQCBA","event_time":"2015-03-03 11:42:46","duration":"147"}
33200 [Thread-18-kafka-event-reader] INFO  backtype.storm.daemon.task - Emitting: kafka-event-reader default [{"event_code":"101010","install_id":"000000HX","udid":"ABCQQQQQQQQQQQQQQQQQQCBA","event_time":"2015-03-03 12:42:46","duration":"1000"}]
33201 [Thread-18-kafka-event-reader] INFO  org.shirdrn.storm.analytics.utils.TestUtils$TestSpout - Spout emitted: {"event_code":"101010","install_id":"000000HX","udid":"ABCQQQQQQQQQQQQQQQQQQCBA","event_time":"2015-03-03 12:42:46","duration":"1000"}
33219 [Thread-18-kafka-event-reader] INFO  backtype.storm.daemon.task - Emitting: kafka-event-reader default [{"event_code":"101010","install_id":"000000HX","udid":"ABCQQQQQQQQQQQQQQQQQQCBA","event_time":"2015-03-03 13:42:46","duration":"301"}]
33219 [Thread-18-kafka-event-reader] INFO  org.shirdrn.storm.analytics.utils.TestUtils$TestSpout - Spout emitted: {"event_code":"101010","install_id":"000000HX","udid":"ABCQQQQQQQQQQQQQQQQQQCBA","event_time":"2015-03-03 13:42:46","duration":"301"}
33226 [Thread-18-kafka-event-reader] INFO  backtype.storm.daemon.task - Emitting: kafka-event-reader default [{"event_code":"101010","install_id":"000000HX","udid":"ABCQQQQQQQQQQQQQQQQQQCBA","event_time":"2015-03-03 14:25:13","duration":"1022"}]
33226 [Thread-18-kafka-event-reader] INFO  org.shirdrn.storm.analytics.utils.TestUtils$TestSpout - Spout emitted: {"event_code":"101010","install_id":"000000HX","udid":"ABCQQQQQQQQQQQQQQQQQQCBA","event_time":"2015-03-03 14:25:13","duration":"1022"}
33373 [Thread-10-event-stat-persistence] INFO  org.springframework.beans.factory.config.PropertyPlaceholderConfigurer - Loading properties file from URL [file:/C:/Users/yanjun/git/storm-realtime/storm-realtime-analytics/target/classes/redis.properties]
33388 [Thread-10-event-stat-persistence] INFO  org.springframework.beans.factory.support.DefaultListableBeanFactory - Pre-instantiating singletons in org.springframework.beans.factory.support.DefaultListableBeanFactory@37ea021a: defining beans [org.springframework.beans.factory.config.PropertyPlaceholderConfigurer#0,jedisPool]; root of factory hierarchy
33435 [Thread-10-event-stat-persistence] INFO  org.shirdrn.storm.spring.SpringContextFactory - Context initialized: name=realtime, context=org.springframework.context.support.ClassPathXmlApplicationContext@25719f5c: startup date [Mon Mar 09 16:48:27 CST 2015]; root of context hierarchy
33435 [Thread-14-event-statistics] INFO  org.shirdrn.storm.analytics.JedisConnectionManager - Spring context initialized: org.springframework.context.support.ClassPathXmlApplicationContext@25719f5c: startup date [Mon Mar 09 16:48:27 CST 2015]; root of context hierarchy
33435 [Thread-12-event-stat-persistence] INFO  org.shirdrn.storm.analytics.JedisConnectionManager - Spring context initialized: org.springframework.context.support.ClassPathXmlApplicationContext@25719f5c: startup date [Mon Mar 09 16:48:27 CST 2015]; root of context hierarchy
33435 [Thread-10-event-stat-persistence] INFO  org.shirdrn.storm.analytics.JedisConnectionManager - Spring context initialized: org.springframework.context.support.ClassPathXmlApplicationContext@25719f5c: startup date [Mon Mar 09 16:48:27 CST 2015]; root of context hierarchy
33435 [Thread-16-event-statistics] INFO  org.shirdrn.storm.analytics.JedisConnectionManager - Spring context initialized: org.springframework.context.support.ClassPathXmlApplicationContext@25719f5c: startup date [Mon Mar 09 16:48:27 CST 2015]; root of context hierarchy
33435 [Thread-12-event-stat-persistence] INFO  org.shirdrn.storm.analytics.JedisConnectionManager - Jedis pool created: redis.clients.jedis.JedisPool@7a3c6da5
33435 [Thread-8-event-filter] INFO  org.shirdrn.storm.analytics.JedisConnectionManager - Spring context initialized: org.springframework.context.support.ClassPathXmlApplicationContext@25719f5c: startup date [Mon Mar 09 16:48:27 CST 2015]; root of context hierarchy
33435 [Thread-10-event-stat-persistence] INFO  org.shirdrn.storm.analytics.JedisConnectionManager - Jedis pool created: redis.clients.jedis.JedisPool@7a3c6da5
33435 [Thread-8-event-filter] INFO  org.shirdrn.storm.analytics.JedisConnectionManager - Jedis pool created: redis.clients.jedis.JedisPool@7a3c6da5
33435 [Thread-14-event-statistics] INFO  org.shirdrn.storm.analytics.JedisConnectionManager - Jedis pool created: redis.clients.jedis.JedisPool@7a3c6da5
33435 [Thread-16-event-statistics] INFO  org.shirdrn.storm.analytics.JedisConnectionManager - Jedis pool created: redis.clients.jedis.JedisPool@7a3c6da5
33435 [Thread-10-event-stat-persistence] INFO  org.shirdrn.storm.analytics.JedisConnectionManager - Print redis command log level: INFO
33435 [Thread-16-event-statistics] INFO  org.shirdrn.storm.analytics.JedisConnectionManager - Print redis command log level: INFO
33435 [Thread-10-event-stat-persistence] INFO  org.shirdrn.storm.analytics.bolts.EventStatResultPersistBolt - Connection manager started!
33435 [Thread-14-event-statistics] INFO  org.shirdrn.storm.analytics.JedisConnectionManager - Print redis command log level: INFO
33435 [Thread-8-event-filter] INFO  org.shirdrn.storm.analytics.JedisConnectionManager - Print redis command log level: INFO
33435 [Thread-14-event-statistics] INFO  org.shirdrn.storm.analytics.JedisEventHandlerManager - Initialize event handler: org.shirdrn.storm.analytics.handlers.InstallEventHandler@51cc8b63
33435 [Thread-8-event-filter] INFO  org.shirdrn.storm.analytics.JedisEventHandlerManager - Initialize event handler: org.shirdrn.storm.analytics.handlers.InstallEventHandler@79bd8a7f
33435 [Thread-14-event-statistics] INFO  org.shirdrn.storm.analytics.JedisEventHandlerManager - Initialize event handler: org.shirdrn.storm.analytics.handlers.PlayEndEventHandler@156f0858
33435 [Thread-8-event-filter] INFO  org.shirdrn.storm.analytics.JedisEventHandlerManager - Initialize event handler: org.shirdrn.storm.analytics.handlers.PlayEndEventHandler@366df14a
33435 [Thread-14-event-statistics] INFO  org.shirdrn.storm.analytics.JedisEventHandlerManager - Initialize event handler: org.shirdrn.storm.analytics.handlers.PlayStartEventHandler@166649ad
33435 [Thread-8-event-filter] INFO  org.shirdrn.storm.analytics.JedisEventHandlerManager - Initialize event handler: org.shirdrn.storm.analytics.handlers.PlayStartEventHandler@7d6556ab
33435 [Thread-14-event-statistics] INFO  org.shirdrn.storm.analytics.JedisEventHandlerManager - Initialize event handler: org.shirdrn.storm.analytics.handlers.OpenEventHandler@2c8cd466
33435 [Thread-8-event-filter] INFO  org.shirdrn.storm.analytics.JedisEventHandlerManager - Initialize event handler: org.shirdrn.storm.analytics.handlers.OpenEventHandler@2f79f9e2
33435 [Thread-16-event-statistics] INFO  org.shirdrn.storm.analytics.JedisEventHandlerManager - Initialize event handler: org.shirdrn.storm.analytics.handlers.InstallEventHandler@5efea5ee
33435 [Thread-16-event-statistics] INFO  org.shirdrn.storm.analytics.JedisEventHandlerManager - Initialize event handler: org.shirdrn.storm.analytics.handlers.PlayEndEventHandler@57887445
33435 [Thread-16-event-statistics] INFO  org.shirdrn.storm.analytics.JedisEventHandlerManager - Initialize event handler: org.shirdrn.storm.analytics.handlers.PlayStartEventHandler@64cb2f35
33435 [Thread-16-event-statistics] INFO  org.shirdrn.storm.analytics.JedisEventHandlerManager - Initialize event handler: org.shirdrn.storm.analytics.handlers.OpenEventHandler@3f898ae8
33435 [Thread-8-event-filter] INFO  backtype.storm.daemon.executor - Prepared bolt event-filter:(2)
33435 [Thread-12-event-stat-persistence] INFO  org.shirdrn.storm.analytics.JedisConnectionManager - Print redis command log level: INFO
33435 [Thread-16-event-statistics] INFO  backtype.storm.daemon.executor - Prepared bolt event-statistics:(6)
33435 [Thread-12-event-stat-persistence] INFO  org.shirdrn.storm.analytics.bolts.EventStatResultPersistBolt - Connection manager started!
33435 [Thread-14-event-statistics] INFO  backtype.storm.daemon.executor - Prepared bolt event-statistics:(5)
33435 [Thread-8-event-filter] INFO  backtype.storm.daemon.executor - Processing received message source: kafka-event-reader:7, stream: default, id: {}, [{"event_code":"400000","install_id":"000000HX","udid":"ABCQQQQQQQQQQQQQQQQQQCBA","event_time":"2015-03-03 05:51:12","app_id":"1","os_type":0,"version":"3.1.2","channel":"A-Faster"}]
33482 [Thread-12-event-stat-persistence] INFO  org.shirdrn.storm.analytics.EventProcessor - Jedis connection created: redis.clients.jedis.Jedis@14d7c58a
33482 [Thread-10-event-stat-persistence] INFO  org.shirdrn.storm.analytics.EventProcessor - Jedis connection created: redis.clients.jedis.Jedis@61e9f1b6
33482 [Thread-12-event-stat-persistence] INFO  org.shirdrn.storm.api.common.QueuedTupleDispatcher - Processor created: org.shirdrn.storm.analytics.EventProcessor@17171dc7
33482 [Thread-10-event-stat-persistence] INFO  org.shirdrn.storm.api.common.QueuedTupleDispatcher - Processor created: org.shirdrn.storm.analytics.EventProcessor@6ea3ffa8
33482 [Thread-12-event-stat-persistence] INFO  org.shirdrn.storm.api.common.QueuedTupleDispatcher - Processor runner started: Thread[Thread-26,5,main]
33482 [Thread-10-event-stat-persistence] INFO  org.shirdrn.storm.api.common.QueuedTupleDispatcher - Processor runner started: Thread[Thread-25,5,main]
33482 [Thread-8-event-filter] INFO  backtype.storm.daemon.task - Emitting: event-filter default [{"event_code":"400000","install_id":"000000HX","udid":"ABCQQQQQQQQQQQQQQQQQQCBA","event_time":"2015-03-03 05:51:12","app_id":"1","os_type":0,"version":"3.1.2","channel":"A-Faster"}]
33482 [Thread-8-event-filter] INFO  backtype.storm.daemon.executor - Processing received message source: kafka-event-reader:7, stream: default, id: {}, [{"event_code":"100010","install_id":"000000HX","udid":"ABCQQQQQQQQQQQQQQQQQQCBA","event_time":"2015-03-03 07:11:48"}]
33482 [Thread-16-event-statistics] INFO  backtype.storm.daemon.executor - Processing received message source: event-filter:2, stream: default, id: {}, [{"event_code":"400000","install_id":"000000HX","udid":"ABCQQQQQQQQQQQQQQQQQQCBA","event_time":"2015-03-03 05:51:12","app_id":"1","os_type":0,"version":"3.1.2","channel":"A-Faster"}]
33482 [Thread-8-event-filter] INFO  backtype.storm.daemon.task - Emitting: event-filter default [{"event_code":"100010","install_id":"000000HX","udid":"ABCQQQQQQQQQQQQQQQQQQCBA","event_time":"2015-03-03 07:11:48"}]
33482 [Thread-16-event-statistics] INFO  org.shirdrn.storm.api.common.GenericEventHandler - InstallEventHandler: indicators=[1]
33482 [Thread-8-event-filter] INFO  backtype.storm.daemon.executor - Processing received message source: kafka-event-reader:7, stream: default, id: {}, [{"event_code":"100010","install_id":"000000HX","udid":"ABCQQQQQQQQQQQQQQQQQQCBA","event_time":"2015-03-03 08:45:09"}]
33482 [Thread-14-event-statistics] INFO  backtype.storm.daemon.executor - Processing received message source: event-filter:2, stream: default, id: {}, [{"event_code":"100010","install_id":"000000HX","udid":"ABCQQQQQQQQQQQQQQQQQQCBA","event_time":"2015-03-03 07:11:48"}]
33482 [Thread-8-event-filter] INFO  backtype.storm.daemon.task - Emitting: event-filter default [{"event_code":"100010","install_id":"000000HX","udid":"ABCQQQQQQQQQQQQQQQQQQCBA","event_time":"2015-03-03 08:45:09"}]
33482 [Thread-14-event-statistics] INFO  org.shirdrn.storm.api.common.GenericEventHandler - OpenEventHandler: indicators=[2, 11, 12, 13]
33482 [Thread-8-event-filter] INFO  backtype.storm.daemon.executor - Processing received message source: kafka-event-reader:7, stream: default, id: {}, [{"event_code":"101013","install_id":"000000HX","udid":"ABCQQQQQQQQQQQQQQQQQQCBA","event_time":"2015-03-03 08:00:15"}]
33482 [Thread-8-event-filter] INFO  backtype.storm.daemon.task - Emitting: event-filter default [{"event_code":"101013","install_id":"000000HX","udid":"ABCQQQQQQQQQQQQQQQQQQCBA","event_time":"2015-03-03 08:00:15"}]
33482 [Thread-8-event-filter] INFO  backtype.storm.daemon.executor - Processing received message source: kafka-event-reader:7, stream: default, id: {}, [{"event_code":"101013","install_id":"000000HX","udid":"ABCQQQQQQQQQQQQQQQQQQCBA","event_time":"2015-03-03 09:09:57"}]
33482 [Thread-8-event-filter] INFO  backtype.storm.daemon.task - Emitting: event-filter default [{"event_code":"101013","install_id":"000000HX","udid":"ABCQQQQQQQQQQQQQQQQQQCBA","event_time":"2015-03-03 09:09:57"}]
33482 [Thread-8-event-filter] INFO  backtype.storm.daemon.executor - Processing received message source: kafka-event-reader:7, stream: default, id: {}, [{"event_code":"101013","install_id":"000000HX","udid":"ABCQQQQQQQQQQQQQQQQQQCBA","event_time":"2015-03-03 09:10:07"}]
33482 [Thread-8-event-filter] INFO  backtype.storm.daemon.task - Emitting: event-filter default [{"event_code":"101013","install_id":"000000HX","udid":"ABCQQQQQQQQQQQQQQQQQQCBA","event_time":"2015-03-03 09:10:07"}]
33482 [Thread-8-event-filter] INFO  backtype.storm.daemon.executor - Processing received message source: kafka-event-reader:7, stream: default, id: {}, [{"event_code":"101013","install_id":"000000HX","udid":"ABCQQQQQQQQQQQQQQQQQQCBA","event_time":"2015-03-03 09:10:50"}]
33482 [Thread-8-event-filter] INFO  backtype.storm.daemon.task - Emitting: event-filter default [{"event_code":"101013","install_id":"000000HX","udid":"ABCQQQQQQQQQQQQQQQQQQCBA","event_time":"2015-03-03 09:10:50"}]
33482 [Thread-8-event-filter] INFO  backtype.storm.daemon.executor - Processing received message source: kafka-event-reader:7, stream: default, id: {}, [{"event_code":"101013","install_id":"000000HX","udid":"ABCQQQQQQQQQQQQQQQQQQCBA","event_time":"2015-03-03 09:09:57"}]
33482 [Thread-8-event-filter] INFO  backtype.storm.daemon.task - Emitting: event-filter default [{"event_code":"101013","install_id":"000000HX","udid":"ABCQQQQQQQQQQQQQQQQQQCBA","event_time":"2015-03-03 09:09:57"}]
33482 [Thread-8-event-filter] INFO  backtype.storm.daemon.executor - Processing received message source: kafka-event-reader:7, stream: default, id: {}, [{"event_code":"101013","install_id":"000000HX","udid":"ABCQQQQQQQQQQQQQQQQQQCBA","event_time":"2015-03-03 19:09:57"}]
33482 [Thread-8-event-filter] INFO  backtype.storm.daemon.task - Emitting: event-filter default [{"event_code":"101013","install_id":"000000HX","udid":"ABCQQQQQQQQQQQQQQQQQQCBA","event_time":"2015-03-03 19:09:57"}]
33482 [Thread-8-event-filter] INFO  backtype.storm.daemon.executor - Processing received message source: kafka-event-reader:7, stream: default, id: {}, [{"event_code":"101010","install_id":"000000HX","udid":"ABCQQQQQQQQQQQQQQQQQQCBA","event_time":"2015-03-03 08:12:39","duration":"189"}]
33482 [Thread-8-event-filter] INFO  backtype.storm.daemon.task - Emitting: event-filter default [{"event_code":"101010","install_id":"000000HX","udid":"ABCQQQQQQQQQQQQQQQQQQCBA","event_time":"2015-03-03 08:12:39","duration":"189"}]
33482 [Thread-8-event-filter] INFO  backtype.storm.daemon.executor - Processing received message source: kafka-event-reader:7, stream: default, id: {}, [{"event_code":"101010","install_id":"000000HX","udid":"ABCQQQQQQQQQQQQQQQQQQCBA","event_time":"2015-03-03 09:42:46","duration":"381"}]
33482 [Thread-8-event-filter] INFO  backtype.storm.daemon.task - Emitting: event-filter default [{"event_code":"101010","install_id":"000000HX","udid":"ABCQQQQQQQQQQQQQQQQQQCBA","event_time":"2015-03-03 09:42:46","duration":"381"}]
33482 [Thread-8-event-filter] INFO  backtype.storm.daemon.executor - Processing received message source: kafka-event-reader:7, stream: default, id: {}, [{"event_code":"101010","install_id":"000000HX","udid":"ABCQQQQQQQQQQQQQQQQQQCBA","event_time":"2015-03-03 10:42:46","duration":"99"}]
33482 [Thread-8-event-filter] INFO  backtype.storm.daemon.task - Emitting: event-filter default [{"event_code":"101010","install_id":"000000HX","udid":"ABCQQQQQQQQQQQQQQQQQQCBA","event_time":"2015-03-03 10:42:46","duration":"99"}]
33482 [Thread-8-event-filter] INFO  backtype.storm.daemon.executor - Processing received message source: kafka-event-reader:7, stream: default, id: {}, [{"event_code":"101010","install_id":"000000HX","udid":"ABCQQQQQQQQQQQQQQQQQQCBA","event_time":"2015-03-03 11:42:46","duration":"147"}]
33482 [Thread-8-event-filter] INFO  backtype.storm.daemon.task - Emitting: event-filter default [{"event_code":"101010","install_id":"000000HX","udid":"ABCQQQQQQQQQQQQQQQQQQCBA","event_time":"2015-03-03 11:42:46","duration":"147"}]
33482 [Thread-8-event-filter] INFO  backtype.storm.daemon.executor - Processing received message source: kafka-event-reader:7, stream: default, id: {}, [{"event_code":"101010","install_id":"000000HX","udid":"ABCQQQQQQQQQQQQQQQQQQCBA","event_time":"2015-03-03 12:42:46","duration":"1000"}]
33482 [Thread-8-event-filter] INFO  backtype.storm.daemon.task - Emitting: event-filter default [{"event_code":"101010","install_id":"000000HX","udid":"ABCQQQQQQQQQQQQQQQQQQCBA","event_time":"2015-03-03 12:42:46","duration":"1000"}]
33498 [Thread-8-event-filter] INFO  backtype.storm.daemon.executor - Processing received message source: kafka-event-reader:7, stream: default, id: {}, [{"event_code":"101010","install_id":"000000HX","udid":"ABCQQQQQQQQQQQQQQQQQQCBA","event_time":"2015-03-03 13:42:46","duration":"301"}]
33498 [Thread-8-event-filter] INFO  backtype.storm.daemon.task - Emitting: event-filter default [{"event_code":"101010","install_id":"000000HX","udid":"ABCQQQQQQQQQQQQQQQQQQCBA","event_time":"2015-03-03 13:42:46","duration":"301"}]
33498 [Thread-8-event-filter] INFO  backtype.storm.daemon.executor - Processing received message source: kafka-event-reader:7, stream: default, id: {}, [{"event_code":"101010","install_id":"000000HX","udid":"ABCQQQQQQQQQQQQQQQQQQCBA","event_time":"2015-03-03 14:25:13","duration":"1022"}]
33498 [Thread-8-event-filter] INFO  backtype.storm.daemon.task - Emitting: event-filter default [{"event_code":"101010","install_id":"000000HX","udid":"ABCQQQQQQQQQQQQQQQQQQCBA","event_time":"2015-03-03 14:25:13","duration":"1022"}]
33498 [Thread-12-event-stat-persistence] INFO  org.shirdrn.storm.analytics.EventProcessor - Jedis connection created: redis.clients.jedis.Jedis@6d462efd
33498 [Thread-10-event-stat-persistence] INFO  org.shirdrn.storm.analytics.EventProcessor - Jedis connection created: redis.clients.jedis.Jedis@1ab71c17
33498 [Thread-12-event-stat-persistence] INFO  org.shirdrn.storm.api.common.QueuedTupleDispatcher - Processor created: org.shirdrn.storm.analytics.EventProcessor@120f5b61
33498 [Thread-10-event-stat-persistence] INFO  org.shirdrn.storm.api.common.QueuedTupleDispatcher - Processor created: org.shirdrn.storm.analytics.EventProcessor@2e38468a
33498 [Thread-12-event-stat-persistence] INFO  org.shirdrn.storm.api.common.QueuedTupleDispatcher - Processor runner started: Thread[Thread-27,5,main]
33498 [Thread-10-event-stat-persistence] INFO  org.shirdrn.storm.api.common.QueuedTupleDispatcher - Processor runner started: Thread[Thread-28,5,main]
33498 [Thread-16-event-statistics] INFO  org.shirdrn.storm.api.common.GenericEventHandler - InstallEventHandler:  results=[[indicator=1,key=US::ABCQQQQQQQQQQQQQQQQQQCBA,data=]]
33498 [Thread-16-event-statistics] INFO  backtype.storm.daemon.task - Emitting: event-statistics default [1, [indicator=1,key=US::ABCQQQQQQQQQQQQQQQQQQCBA,data=]]
33498 [Thread-16-event-statistics] INFO  backtype.storm.daemon.executor - Processing received message source: event-filter:2, stream: default, id: {}, [{"event_code":"101013","install_id":"000000HX","udid":"ABCQQQQQQQQQQQQQQQQQQCBA","event_time":"2015-03-03 08:00:15"}]
33513 [Thread-16-event-statistics] INFO  org.shirdrn.storm.api.common.GenericEventHandler - PlayStartEventHandler: indicators=[2, 21, 22, 23]
33513 [Thread-12-event-stat-persistence] INFO  org.shirdrn.storm.analytics.EventProcessor - Jedis connection created: redis.clients.jedis.Jedis@d3a8a09
33513 [Thread-10-event-stat-persistence] INFO  org.shirdrn.storm.analytics.EventProcessor - Jedis connection created: redis.clients.jedis.Jedis@4bb9b57e
33513 [Thread-12-event-stat-persistence] INFO  org.shirdrn.storm.api.common.QueuedTupleDispatcher - Processor created: org.shirdrn.storm.analytics.EventProcessor@6a630494
33513 [Thread-10-event-stat-persistence] INFO  org.shirdrn.storm.api.common.QueuedTupleDispatcher - Processor created: org.shirdrn.storm.analytics.EventProcessor@ac1c71d
33513 [Thread-12-event-stat-persistence] INFO  org.shirdrn.storm.api.common.QueuedTupleDispatcher - Processor runner started: Thread[Thread-29,5,main]
33513 [Thread-12-event-stat-persistence] INFO  org.shirdrn.storm.analytics.bolts.EventStatResultPersistBolt - Tuple dispatcher started!
33513 [Thread-10-event-stat-persistence] INFO  org.shirdrn.storm.api.common.QueuedTupleDispatcher - Processor runner started: Thread[Thread-30,5,main]
33513 [Thread-10-event-stat-persistence] INFO  org.shirdrn.storm.analytics.bolts.EventStatResultPersistBolt - Tuple dispatcher started!
33513 [Thread-12-event-stat-persistence] INFO  backtype.storm.daemon.executor - Prepared bolt event-stat-persistence:(4)
33513 [Thread-10-event-stat-persistence] INFO  backtype.storm.daemon.executor - Prepared bolt event-stat-persistence:(3)
33513 [Thread-10-event-stat-persistence] INFO  backtype.storm.daemon.executor - Processing received message source: event-statistics:6, stream: default, id: {}, [1, [indicator=1,key=US::ABCQQQQQQQQQQQQQQQQQQCBA,data=]]
33529 [DISPATCHER-001] INFO  org.shirdrn.storm.analytics.calculators.UserDeviceInfoCalculator - COMMAMD => MULTI
33529 [DISPATCHER-001] INFO  org.shirdrn.storm.analytics.calculators.UserDeviceInfoCalculator - COMMAMD => HSET US::ABCQQQQQQQQQQQQQQQQQQCBA aid 1
33529 [DISPATCHER-001] INFO  org.shirdrn.storm.analytics.calculators.UserDeviceInfoCalculator - COMMAMD => HSET US::ABCQQQQQQQQQQQQQQQQQQCBA ch A-Faster
33529 [DISPATCHER-001] INFO  org.shirdrn.storm.analytics.calculators.UserDeviceInfoCalculator - COMMAMD => HSET US::ABCQQQQQQQQQQQQQQQQQQCBA v 3.1.2
33529 [DISPATCHER-001] INFO  org.shirdrn.storm.analytics.calculators.UserDeviceInfoCalculator - COMMAMD => HSET US::ABCQQQQQQQQQQQQQQQQQQCBA ot 0
33529 [DISPATCHER-001] INFO  org.shirdrn.storm.analytics.calculators.UserDeviceInfoCalculator - COMMAMD => EXEC
33680 [Thread-14-event-statistics] INFO  org.shirdrn.storm.api.common.GenericEventHandler - OpenEventHandler:  results=[[indicator=2,key=UD::ABCQQQQQQQQQQQQQQQQQQCBA,data=], [indicator=12,strHour=2015030307,osType=0,channel=A-Faster,version=3.1.2], [indicator=13,strHour=2015030307,osType=0,channel=A-Faster,version=3.1.2]]
33680 [Thread-14-event-statistics] INFO  backtype.storm.daemon.task - Emitting: event-statistics default [2, [indicator=2,key=UD::ABCQQQQQQQQQQQQQQQQQQCBA,data=]]
33681 [Thread-14-event-statistics] INFO  backtype.storm.daemon.task - Emitting: event-statistics default [12, [indicator=12,strHour=2015030307,osType=0,channel=A-Faster,version=3.1.2]]
33681 [Thread-12-event-stat-persistence] INFO  backtype.storm.daemon.executor - Processing received message source: event-statistics:5, stream: default, id: {}, [2, [indicator=2,key=UD::ABCQQQQQQQQQQQQQQQQQQCBA,data=]]
33681 [Thread-14-event-statistics] INFO  backtype.storm.daemon.task - Emitting: event-statistics default [13, [indicator=13,strHour=2015030307,osType=0,channel=A-Faster,version=3.1.2]]
33681 [Thread-12-event-stat-persistence] INFO  backtype.storm.daemon.executor - Processing received message source: event-statistics:5, stream: default, id: {}, [12, [indicator=12,strHour=2015030307,osType=0,channel=A-Faster,version=3.1.2]]
33681 [Thread-14-event-statistics] INFO  backtype.storm.daemon.executor - Processing received message source: event-filter:2, stream: default, id: {}, [{"event_code":"100010","install_id":"000000HX","udid":"ABCQQQQQQQQQQQQQQQQQQCBA","event_time":"2015-03-03 08:45:09"}]
33681 [Thread-14-event-statistics] INFO  org.shirdrn.storm.api.common.GenericEventHandler - OpenEventHandler: indicators=[2, 11, 12, 13]
33681 [Thread-10-event-stat-persistence] INFO  backtype.storm.daemon.executor - Processing received message source: event-statistics:5, stream: default, id: {}, [13, [indicator=13,strHour=2015030307,osType=0,channel=A-Faster,version=3.1.2]]
33688 [DISPATCHER-002] INFO  org.shirdrn.storm.analytics.calculators.OpenTimesCalculator - COMMAMD => HINCRBY 2015030307::13::S 13::0::A-Faster::3.1.2 1
33694 [DISPATCHER-002] INFO  org.shirdrn.storm.analytics.calculators.OpenAUCalculator - COMMAMD => HINCRBY 2015030307::12::S 12::0::A-Faster::3.1.2 1
33700 [DISPATCHER-001] INFO  org.shirdrn.storm.analytics.calculators.UserDynamicInfoCalculator - COMMAMD => HSET UD::ABCQQQQQQQQQQQQQQQQQQCBA LOD 2015-03-03
33701 [DISPATCHER-002] INFO  org.shirdrn.storm.analytics.RedisTimeoutCache - COMMAMD => SET 12::12::0::A-Faster::3.1.2::ABCQQQQQQQQQQQQQQQQQQCBA Y
33701 [Thread-16-event-statistics] INFO  org.shirdrn.storm.api.common.GenericEventHandler - PlayStartEventHandler:  results=[[indicator=2,key=UD::ABCQQQQQQQQQQQQQQQQQQCBA,data=], [indicator=21,strHour=2015030308,osType=0,channel=A-Faster,version=3.1.2], [indicator=22,strHour=2015030308,osType=0,channel=A-Faster,version=3.1.2], [indicator=23,strHour=2015030308,osType=0,channel=A-Faster,version=3.1.2]]
33701 [Thread-16-event-statistics] INFO  backtype.storm.daemon.task - Emitting: event-statistics default [2, [indicator=2,key=UD::ABCQQQQQQQQQQQQQQQQQQCBA,data=]]
33701 [Thread-16-event-statistics] INFO  backtype.storm.daemon.task - Emitting: event-statistics default [21, [indicator=21,strHour=2015030308,osType=0,channel=A-Faster,version=3.1.2]]
33702 [Thread-12-event-stat-persistence] INFO  backtype.storm.daemon.executor - Processing received message source: event-statistics:6, stream: default, id: {}, [2, [indicator=2,key=UD::ABCQQQQQQQQQQQQQQQQQQCBA,data=]]
33702 [Thread-16-event-statistics] INFO  backtype.storm.daemon.task - Emitting: event-statistics default [22, [indicator=22,strHour=2015030308,osType=0,channel=A-Faster,version=3.1.2]]
33702 [Thread-10-event-stat-persistence] INFO  backtype.storm.daemon.executor - Processing received message source: event-statistics:6, stream: default, id: {}, [21, [indicator=21,strHour=2015030308,osType=0,channel=A-Faster,version=3.1.2]]
33702 [Thread-16-event-statistics] INFO  backtype.storm.daemon.task - Emitting: event-statistics default [23, [indicator=23,strHour=2015030308,osType=0,channel=A-Faster,version=3.1.2]]
33702 [Thread-12-event-stat-persistence] INFO  backtype.storm.daemon.executor - Processing received message source: event-statistics:6, stream: default, id: {}, [22, [indicator=22,strHour=2015030308,osType=0,channel=A-Faster,version=3.1.2]]
33702 [Thread-16-event-statistics] INFO  backtype.storm.daemon.executor - Processing received message source: event-filter:2, stream: default, id: {}, [{"event_code":"101013","install_id":"000000HX","udid":"ABCQQQQQQQQQQQQQQQQQQCBA","event_time":"2015-03-03 09:09:57"}]
33702 [Thread-10-event-stat-persistence] INFO  backtype.storm.daemon.executor - Processing received message source: event-statistics:6, stream: default, id: {}, [23, [indicator=23,strHour=2015030308,osType=0,channel=A-Faster,version=3.1.2]]
33702 [Thread-16-event-statistics] INFO  org.shirdrn.storm.api.common.GenericEventHandler - PlayStartEventHandler: indicators=[2, 21, 22, 23]
33705 [DISPATCHER-001] INFO  org.shirdrn.storm.analytics.calculators.UserDynamicInfoCalculator - COMMAMD => HSET UD::ABCQQQQQQQQQQQQQQQQQQCBA FOD 2015-03-03
33705 [DISPATCHER-002] INFO  org.shirdrn.storm.analytics.RedisTimeoutCache - COMMAMD => EXPIRE 12::12::0::A-Faster::3.1.2::ABCQQQQQQQQQQQQQQQQQQCBA 692000
33719 [DISPATCHER-001] INFO  org.shirdrn.storm.analytics.calculators.PlayTimesCalculator - COMMAMD => HINCRBY 2015030308::23::S 23::0::A-Faster::3.1.2 1
33719 [DISPATCHER-003] INFO  org.shirdrn.storm.analytics.calculators.OpenNUCalculator - COMMAMD => HINCRBY 2015030308::21::S 21::0::A-Faster::3.1.2 1
33727 [DISPATCHER-003] INFO  org.shirdrn.storm.analytics.calculators.UserDynamicInfoCalculator - COMMAMD => HSET UD::ABCQQQQQQQQQQQQQQQQQQCBA LPD 2015-03-03
33727 [DISPATCHER-003] INFO  org.shirdrn.storm.analytics.RedisTimeoutCache - COMMAMD => SET 21::21::0::A-Faster::3.1.2::ABCQQQQQQQQQQQQQQQQQQCBA Y
33728 [DISPATCHER-001] INFO  org.shirdrn.storm.analytics.calculators.OpenAUCalculator - COMMAMD => HINCRBY 2015030308::22::S 22::0::A-Faster::3.1.2 1
33733 [DISPATCHER-003] INFO  org.shirdrn.storm.analytics.calculators.UserDynamicInfoCalculator - COMMAMD => HSET UD::ABCQQQQQQQQQQQQQQQQQQCBA FPD 2015-03-03
33733 [DISPATCHER-003] INFO  org.shirdrn.storm.analytics.RedisTimeoutCache - COMMAMD => EXPIRE 21::21::0::A-Faster::3.1.2::ABCQQQQQQQQQQQQQQQQQQCBA 692000
33734 [DISPATCHER-001] INFO  org.shirdrn.storm.analytics.RedisTimeoutCache - COMMAMD => SET 22::22::0::A-Faster::3.1.2::ABCQQQQQQQQQQQQQQQQQQCBA Y
33740 [DISPATCHER-001] INFO  org.shirdrn.storm.analytics.RedisTimeoutCache - COMMAMD => EXPIRE 22::22::0::A-Faster::3.1.2::ABCQQQQQQQQQQQQQQQQQQCBA 692000
33922 [Thread-14-event-statistics] INFO  org.shirdrn.storm.api.common.GenericEventHandler - OpenEventHandler:  results=[[indicator=2,key=UD::ABCQQQQQQQQQQQQQQQQQQCBA,data=], [indicator=11,strHour=2015030308,osType=0,channel=A-Faster,version=3.1.2], [indicator=12,strHour=2015030308,osType=0,channel=A-Faster,version=3.1.2], [indicator=13,strHour=2015030308,osType=0,channel=A-Faster,version=3.1.2]]
33922 [Thread-14-event-statistics] INFO  backtype.storm.daemon.task - Emitting: event-statistics default [2, [indicator=2,key=UD::ABCQQQQQQQQQQQQQQQQQQCBA,data=]]
33923 [Thread-14-event-statistics] INFO  backtype.storm.daemon.task - Emitting: event-statistics default [11, [indicator=11,strHour=2015030308,osType=0,channel=A-Faster,version=3.1.2]]
33923 [Thread-12-event-stat-persistence] INFO  backtype.storm.daemon.executor - Processing received message source: event-statistics:5, stream: default, id: {}, [2, [indicator=2,key=UD::ABCQQQQQQQQQQQQQQQQQQCBA,data=]]
33923 [Thread-14-event-statistics] INFO  backtype.storm.daemon.task - Emitting: event-statistics default [12, [indicator=12,strHour=2015030308,osType=0,channel=A-Faster,version=3.1.2]]
33924 [Thread-10-event-stat-persistence] INFO  backtype.storm.daemon.executor - Processing received message source: event-statistics:5, stream: default, id: {}, [11, [indicator=11,strHour=2015030308,osType=0,channel=A-Faster,version=3.1.2]]
33924 [Thread-14-event-statistics] INFO  backtype.storm.daemon.task - Emitting: event-statistics default [13, [indicator=13,strHour=2015030308,osType=0,channel=A-Faster,version=3.1.2]]
33925 [Thread-14-event-statistics] INFO  backtype.storm.daemon.executor - Processing received message source: event-filter:2, stream: default, id: {}, [{"event_code":"101013","install_id":"000000HX","udid":"ABCQQQQQQQQQQQQQQQQQQCBA","event_time":"2015-03-03 09:10:07"}]
33925 [Thread-12-event-stat-persistence] INFO  backtype.storm.daemon.executor - Processing received message source: event-statistics:5, stream: default, id: {}, [12, [indicator=12,strHour=2015030308,osType=0,channel=A-Faster,version=3.1.2]]
33925 [Thread-14-event-statistics] INFO  org.shirdrn.storm.api.common.GenericEventHandler - PlayStartEventHandler: indicators=[2, 21, 22, 23]
33925 [Thread-10-event-stat-persistence] INFO  backtype.storm.daemon.executor - Processing received message source: event-statistics:5, stream: default, id: {}, [13, [indicator=13,strHour=2015030308,osType=0,channel=A-Faster,version=3.1.2]]
33933 [DISPATCHER-001] INFO  org.shirdrn.storm.analytics.calculators.OpenTimesCalculator - COMMAMD => HINCRBY 2015030308::13::S 13::0::A-Faster::3.1.2 1
33936 [DISPATCHER-002] INFO  org.shirdrn.storm.analytics.calculators.OpenNUCalculator - COMMAMD => HINCRBY 2015030308::11::S 11::0::A-Faster::3.1.2 1
33944 [DISPATCHER-002] INFO  org.shirdrn.storm.analytics.RedisTimeoutCache - COMMAMD => SET 11::11::0::A-Faster::3.1.2::ABCQQQQQQQQQQQQQQQQQQCBA Y
33952 [DISPATCHER-002] INFO  org.shirdrn.storm.analytics.RedisTimeoutCache - COMMAMD => EXPIRE 11::11::0::A-Faster::3.1.2::ABCQQQQQQQQQQQQQQQQQQCBA 692000
33952 [Thread-16-event-statistics] INFO  org.shirdrn.storm.api.common.GenericEventHandler - PlayStartEventHandler:  results=[[indicator=2,key=UD::ABCQQQQQQQQQQQQQQQQQQCBA,data=], [indicator=21,strHour=2015030309,osType=0,channel=A-Faster,version=3.1.2], [indicator=22,strHour=2015030309,osType=0,channel=A-Faster,version=3.1.2], [indicator=23,strHour=2015030309,osType=0,channel=A-Faster,version=3.1.2]]
33952 [Thread-16-event-statistics] INFO  backtype.storm.daemon.task - Emitting: event-statistics default [2, [indicator=2,key=UD::ABCQQQQQQQQQQQQQQQQQQCBA,data=]]
33953 [Thread-16-event-statistics] INFO  backtype.storm.daemon.task - Emitting: event-statistics default [21, [indicator=21,strHour=2015030309,osType=0,channel=A-Faster,version=3.1.2]]
33953 [Thread-12-event-stat-persistence] INFO  backtype.storm.daemon.executor - Processing received message source: event-statistics:6, stream: default, id: {}, [2, [indicator=2,key=UD::ABCQQQQQQQQQQQQQQQQQQCBA,data=]]
33954 [Thread-16-event-statistics] INFO  backtype.storm.daemon.task - Emitting: event-statistics default [22, [indicator=22,strHour=2015030309,osType=0,channel=A-Faster,version=3.1.2]]
33954 [Thread-10-event-stat-persistence] INFO  backtype.storm.daemon.executor - Processing received message source: event-statistics:6, stream: default, id: {}, [21, [indicator=21,strHour=2015030309,osType=0,channel=A-Faster,version=3.1.2]]
33954 [Thread-16-event-statistics] INFO  backtype.storm.daemon.task - Emitting: event-statistics default [23, [indicator=23,strHour=2015030309,osType=0,channel=A-Faster,version=3.1.2]]
33955 [Thread-12-event-stat-persistence] INFO  backtype.storm.daemon.executor - Processing received message source: event-statistics:6, stream: default, id: {}, [22, [indicator=22,strHour=2015030309,osType=0,channel=A-Faster,version=3.1.2]]
33955 [Thread-10-event-stat-persistence] INFO  backtype.storm.daemon.executor - Processing received message source: event-statistics:6, stream: default, id: {}, [23, [indicator=23,strHour=2015030309,osType=0,channel=A-Faster,version=3.1.2]]
33955 [Thread-16-event-statistics] INFO  backtype.storm.daemon.executor - Processing received message source: event-filter:2, stream: default, id: {}, [{"event_code":"101013","install_id":"000000HX","udid":"ABCQQQQQQQQQQQQQQQQQQCBA","event_time":"2015-03-03 09:09:57"}]
33956 [Thread-16-event-statistics] INFO  org.shirdrn.storm.api.common.GenericEventHandler - PlayStartEventHandler: indicators=[2, 21, 22, 23]
33964 [DISPATCHER-001] INFO  org.shirdrn.storm.analytics.calculators.PlayTimesCalculator - COMMAMD => HINCRBY 2015030309::23::S 23::0::A-Faster::3.1.2 1
34147 [Thread-14-event-statistics] INFO  org.shirdrn.storm.api.common.GenericEventHandler - PlayStartEventHandler:  results=[[indicator=2,key=UD::ABCQQQQQQQQQQQQQQQQQQCBA,data=], [indicator=21,strHour=2015030309,osType=0,channel=A-Faster,version=3.1.2], [indicator=22,strHour=2015030309,osType=0,channel=A-Faster,version=3.1.2], [indicator=23,strHour=2015030309,osType=0,channel=A-Faster,version=3.1.2]]
34147 [Thread-14-event-statistics] INFO  backtype.storm.daemon.task - Emitting: event-statistics default [2, [indicator=2,key=UD::ABCQQQQQQQQQQQQQQQQQQCBA,data=]]
34147 [Thread-14-event-statistics] INFO  backtype.storm.daemon.task - Emitting: event-statistics default [21, [indicator=21,strHour=2015030309,osType=0,channel=A-Faster,version=3.1.2]]
34148 [Thread-12-event-stat-persistence] INFO  backtype.storm.daemon.executor - Processing received message source: event-statistics:5, stream: default, id: {}, [2, [indicator=2,key=UD::ABCQQQQQQQQQQQQQQQQQQCBA,data=]]
34148 [Thread-14-event-statistics] INFO  backtype.storm.daemon.task - Emitting: event-statistics default [22, [indicator=22,strHour=2015030309,osType=0,channel=A-Faster,version=3.1.2]]
34148 [Thread-10-event-stat-persistence] INFO  backtype.storm.daemon.executor - Processing received message source: event-statistics:5, stream: default, id: {}, [21, [indicator=21,strHour=2015030309,osType=0,channel=A-Faster,version=3.1.2]]
34148 [Thread-14-event-statistics] INFO  backtype.storm.daemon.task - Emitting: event-statistics default [23, [indicator=23,strHour=2015030309,osType=0,channel=A-Faster,version=3.1.2]]
34149 [Thread-12-event-stat-persistence] INFO  backtype.storm.daemon.executor - Processing received message source: event-statistics:5, stream: default, id: {}, [22, [indicator=22,strHour=2015030309,osType=0,channel=A-Faster,version=3.1.2]]
34149 [Thread-14-event-statistics] INFO  backtype.storm.daemon.executor - Processing received message source: event-filter:2, stream: default, id: {}, [{"event_code":"101013","install_id":"000000HX","udid":"ABCQQQQQQQQQQQQQQQQQQCBA","event_time":"2015-03-03 09:10:50"}]
34149 [Thread-10-event-stat-persistence] INFO  backtype.storm.daemon.executor - Processing received message source: event-statistics:5, stream: default, id: {}, [23, [indicator=23,strHour=2015030309,osType=0,channel=A-Faster,version=3.1.2]]
34149 [Thread-14-event-statistics] INFO  org.shirdrn.storm.api.common.GenericEventHandler - PlayStartEventHandler: indicators=[2, 21, 22, 23]
34158 [DISPATCHER-003] INFO  org.shirdrn.storm.analytics.calculators.PlayTimesCalculator - COMMAMD => HINCRBY 2015030309::23::S 23::0::A-Faster::3.1.2 1
34188 [Thread-16-event-statistics] INFO  org.shirdrn.storm.api.common.GenericEventHandler - PlayStartEventHandler:  results=[[indicator=2,key=UD::ABCQQQQQQQQQQQQQQQQQQCBA,data=], [indicator=21,strHour=2015030309,osType=0,channel=A-Faster,version=3.1.2], [indicator=22,strHour=2015030309,osType=0,channel=A-Faster,version=3.1.2], [indicator=23,strHour=2015030309,osType=0,channel=A-Faster,version=3.1.2]]
34189 [Thread-16-event-statistics] INFO  backtype.storm.daemon.task - Emitting: event-statistics default [2, [indicator=2,key=UD::ABCQQQQQQQQQQQQQQQQQQCBA,data=]]
34189 [Thread-16-event-statistics] INFO  backtype.storm.daemon.task - Emitting: event-statistics default [21, [indicator=21,strHour=2015030309,osType=0,channel=A-Faster,version=3.1.2]]
34189 [Thread-12-event-stat-persistence] INFO  backtype.storm.daemon.executor - Processing received message source: event-statistics:6, stream: default, id: {}, [2, [indicator=2,key=UD::ABCQQQQQQQQQQQQQQQQQQCBA,data=]]
34190 [Thread-16-event-statistics] INFO  backtype.storm.daemon.task - Emitting: event-statistics default [22, [indicator=22,strHour=2015030309,osType=0,channel=A-Faster,version=3.1.2]]
34190 [Thread-10-event-stat-persistence] INFO  backtype.storm.daemon.executor - Processing received message source: event-statistics:6, stream: default, id: {}, [21, [indicator=21,strHour=2015030309,osType=0,channel=A-Faster,version=3.1.2]]
34190 [Thread-16-event-statistics] INFO  backtype.storm.daemon.task - Emitting: event-statistics default [23, [indicator=23,strHour=2015030309,osType=0,channel=A-Faster,version=3.1.2]]
34190 [Thread-12-event-stat-persistence] INFO  backtype.storm.daemon.executor - Processing received message source: event-statistics:6, stream: default, id: {}, [22, [indicator=22,strHour=2015030309,osType=0,channel=A-Faster,version=3.1.2]]
34190 [Thread-16-event-statistics] INFO  backtype.storm.daemon.executor - Processing received message source: event-filter:2, stream: default, id: {}, [{"event_code":"101010","install_id":"000000HX","udid":"ABCQQQQQQQQQQQQQQQQQQCBA","event_time":"2015-03-03 08:12:39","duration":"189"}]
34191 [Thread-10-event-stat-persistence] INFO  backtype.storm.daemon.executor - Processing received message source: event-statistics:6, stream: default, id: {}, [23, [indicator=23,strHour=2015030309,osType=0,channel=A-Faster,version=3.1.2]]
34191 [Thread-16-event-statistics] INFO  org.shirdrn.storm.api.common.GenericEventHandler - PlayEndEventHandler: indicators=[31, 32]
34202 [DISPATCHER-002] INFO  org.shirdrn.storm.analytics.calculators.PlayTimesCalculator - COMMAMD => HINCRBY 2015030309::23::S 23::0::A-Faster::3.1.2 1
34648 [Thread-16-event-statistics] INFO  org.shirdrn.storm.api.common.GenericEventHandler - PlayEndEventHandler:  results=[[indicator=31,strHour=2015030308,osType=0,channel=A-Faster,version=3.1.2], [indicator=32,strHour=2015030308,osType=0,channel=A-Faster,version=3.1.2]]
34648 [Thread-16-event-statistics] INFO  backtype.storm.daemon.task - Emitting: event-statistics default [31, [indicator=31,strHour=2015030308,osType=0,channel=A-Faster,version=3.1.2]]
34649 [Thread-16-event-statistics] INFO  backtype.storm.daemon.task - Emitting: event-statistics default [32, [indicator=32,strHour=2015030308,osType=0,channel=A-Faster,version=3.1.2]]
34649 [Thread-10-event-stat-persistence] INFO  backtype.storm.daemon.executor - Processing received message source: event-statistics:6, stream: default, id: {}, [31, [indicator=31,strHour=2015030308,osType=0,channel=A-Faster,version=3.1.2]]
34650 [Thread-16-event-statistics] INFO  backtype.storm.daemon.executor - Processing received message source: event-filter:2, stream: default, id: {}, [{"event_code":"101010","install_id":"000000HX","udid":"ABCQQQQQQQQQQQQQQQQQQCBA","event_time":"2015-03-03 09:42:46","duration":"381"}]
34650 [Thread-12-event-stat-persistence] INFO  backtype.storm.daemon.executor - Processing received message source: event-statistics:6, stream: default, id: {}, [32, [indicator=32,strHour=2015030308,osType=0,channel=A-Faster,version=3.1.2]]
34650 [Thread-16-event-statistics] INFO  org.shirdrn.storm.api.common.GenericEventHandler - PlayEndEventHandler: indicators=[31, 32]
34724 [DISPATCHER-003] INFO  org.shirdrn.storm.analytics.calculators.PlayNUDurationCalculator - COMMAMD => HSET 2015030308::31::NU 31::0::A-Faster::3.1.2::ABCQQQQQQQQQQQQQQQQQQCBA Y
34725 [DISPATCHER-002] INFO  org.shirdrn.storm.analytics.calculators.PlayAUDurationCalculator - COMMAMD => HSET 2015030308::32::AU 32::0::A-Faster::3.1.2::ABCQQQQQQQQQQQQQQQQQQCBA Y
34725 [DISPATCHER-003] INFO  org.shirdrn.storm.analytics.calculators.PlayNUDurationCalculator - COMMAMD => HINCRBY 2015030308::31::S 31::0::A-Faster::3.1.2 189
34725 [DISPATCHER-002] INFO  org.shirdrn.storm.analytics.calculators.PlayAUDurationCalculator - COMMAMD => HINCRBY 2015030308::32::S 32::0::A-Faster::3.1.2 189
34817 [Thread-14-event-statistics] INFO  org.shirdrn.storm.api.common.GenericEventHandler - PlayStartEventHandler:  results=[[indicator=2,key=UD::ABCQQQQQQQQQQQQQQQQQQCBA,data=], [indicator=21,strHour=2015030309,osType=0,channel=A-Faster,version=3.1.2], [indicator=22,strHour=2015030309,osType=0,channel=A-Faster,version=3.1.2], [indicator=23,strHour=2015030309,osType=0,channel=A-Faster,version=3.1.2]]
34818 [Thread-14-event-statistics] INFO  backtype.storm.daemon.task - Emitting: event-statistics default [2, [indicator=2,key=UD::ABCQQQQQQQQQQQQQQQQQQCBA,data=]]
34819 [Thread-14-event-statistics] INFO  backtype.storm.daemon.task - Emitting: event-statistics default [21, [indicator=21,strHour=2015030309,osType=0,channel=A-Faster,version=3.1.2]]
34819 [Thread-12-event-stat-persistence] INFO  backtype.storm.daemon.executor - Processing received message source: event-statistics:5, stream: default, id: {}, [2, [indicator=2,key=UD::ABCQQQQQQQQQQQQQQQQQQCBA,data=]]
34820 [Thread-14-event-statistics] INFO  backtype.storm.daemon.task - Emitting: event-statistics default [22, [indicator=22,strHour=2015030309,osType=0,channel=A-Faster,version=3.1.2]]
34820 [Thread-14-event-statistics] INFO  backtype.storm.daemon.task - Emitting: event-statistics default [23, [indicator=23,strHour=2015030309,osType=0,channel=A-Faster,version=3.1.2]]
34821 [Thread-14-event-statistics] INFO  backtype.storm.daemon.executor - Processing received message source: event-filter:2, stream: default, id: {}, [{"event_code":"101013","install_id":"000000HX","udid":"ABCQQQQQQQQQQQQQQQQQQCBA","event_time":"2015-03-03 19:09:57"}]
34822 [Thread-12-event-stat-persistence] INFO  backtype.storm.daemon.executor - Processing received message source: event-statistics:5, stream: default, id: {}, [22, [indicator=22,strHour=2015030309,osType=0,channel=A-Faster,version=3.1.2]]
34822 [Thread-10-event-stat-persistence] INFO  backtype.storm.daemon.executor - Processing received message source: event-statistics:5, stream: default, id: {}, [21, [indicator=21,strHour=2015030309,osType=0,channel=A-Faster,version=3.1.2]]
34822 [Thread-14-event-statistics] INFO  org.shirdrn.storm.api.common.GenericEventHandler - PlayStartEventHandler: indicators=[2, 21, 22, 23]
34823 [Thread-10-event-stat-persistence] INFO  backtype.storm.daemon.executor - Processing received message source: event-statistics:5, stream: default, id: {}, [23, [indicator=23,strHour=2015030309,osType=0,channel=A-Faster,version=3.1.2]]
34837 [DISPATCHER-002] INFO  org.shirdrn.storm.analytics.calculators.PlayTimesCalculator - COMMAMD => HINCRBY 2015030309::23::S 23::0::A-Faster::3.1.2 1
34997 [Thread-16-event-statistics] INFO  org.shirdrn.storm.api.common.GenericEventHandler - PlayEndEventHandler:  results=[[indicator=31,strHour=2015030309,osType=0,channel=A-Faster,version=3.1.2], [indicator=32,strHour=2015030309,osType=0,channel=A-Faster,version=3.1.2]]
34998 [Thread-16-event-statistics] INFO  backtype.storm.daemon.task - Emitting: event-statistics default [31, [indicator=31,strHour=2015030309,osType=0,channel=A-Faster,version=3.1.2]]
34998 [Thread-16-event-statistics] INFO  backtype.storm.daemon.task - Emitting: event-statistics default [32, [indicator=32,strHour=2015030309,osType=0,channel=A-Faster,version=3.1.2]]
34999 [Thread-10-event-stat-persistence] INFO  backtype.storm.daemon.executor - Processing received message source: event-statistics:6, stream: default, id: {}, [31, [indicator=31,strHour=2015030309,osType=0,channel=A-Faster,version=3.1.2]]
34999 [Thread-16-event-statistics] INFO  backtype.storm.daemon.executor - Processing received message source: event-filter:2, stream: default, id: {}, [{"event_code":"101010","install_id":"000000HX","udid":"ABCQQQQQQQQQQQQQQQQQQCBA","event_time":"2015-03-03 11:42:46","duration":"147"}]
34999 [Thread-12-event-stat-persistence] INFO  backtype.storm.daemon.executor - Processing received message source: event-statistics:6, stream: default, id: {}, [32, [indicator=32,strHour=2015030309,osType=0,channel=A-Faster,version=3.1.2]]
35000 [Thread-16-event-statistics] INFO  org.shirdrn.storm.api.common.GenericEventHandler - PlayEndEventHandler: indicators=[31, 32]
35011 [DISPATCHER-003] INFO  org.shirdrn.storm.analytics.calculators.PlayNUDurationCalculator - COMMAMD => HSET 2015030309::31::NU 31::0::A-Faster::3.1.2::ABCQQQQQQQQQQQQQQQQQQCBA Y
35011 [DISPATCHER-002] INFO  org.shirdrn.storm.analytics.calculators.PlayAUDurationCalculator - COMMAMD => HSET 2015030309::32::AU 32::0::A-Faster::3.1.2::ABCQQQQQQQQQQQQQQQQQQCBA Y
35011 [DISPATCHER-003] INFO  org.shirdrn.storm.analytics.calculators.PlayNUDurationCalculator - COMMAMD => HINCRBY 2015030309::31::S 31::0::A-Faster::3.1.2 381
35011 [DISPATCHER-002] INFO  org.shirdrn.storm.analytics.calculators.PlayAUDurationCalculator - COMMAMD => HINCRBY 2015030309::32::S 32::0::A-Faster::3.1.2 381
35225 [Thread-14-event-statistics] INFO  org.shirdrn.storm.api.common.GenericEventHandler - PlayStartEventHandler:  results=[[indicator=2,key=UD::ABCQQQQQQQQQQQQQQQQQQCBA,data=], [indicator=21,strHour=2015030319,osType=0,channel=A-Faster,version=3.1.2], [indicator=22,strHour=2015030319,osType=0,channel=A-Faster,version=3.1.2], [indicator=23,strHour=2015030319,osType=0,channel=A-Faster,version=3.1.2]]
35225 [Thread-14-event-statistics] INFO  backtype.storm.daemon.task - Emitting: event-statistics default [2, [indicator=2,key=UD::ABCQQQQQQQQQQQQQQQQQQCBA,data=]]
35226 [Thread-14-event-statistics] INFO  backtype.storm.daemon.task - Emitting: event-statistics default [21, [indicator=21,strHour=2015030319,osType=0,channel=A-Faster,version=3.1.2]]
35226 [Thread-12-event-stat-persistence] INFO  backtype.storm.daemon.executor - Processing received message source: event-statistics:5, stream: default, id: {}, [2, [indicator=2,key=UD::ABCQQQQQQQQQQQQQQQQQQCBA,data=]]
35226 [Thread-14-event-statistics] INFO  backtype.storm.daemon.task - Emitting: event-statistics default [22, [indicator=22,strHour=2015030319,osType=0,channel=A-Faster,version=3.1.2]]
35226 [Thread-10-event-stat-persistence] INFO  backtype.storm.daemon.executor - Processing received message source: event-statistics:5, stream: default, id: {}, [21, [indicator=21,strHour=2015030319,osType=0,channel=A-Faster,version=3.1.2]]
35226 [Thread-14-event-statistics] INFO  backtype.storm.daemon.task - Emitting: event-statistics default [23, [indicator=23,strHour=2015030319,osType=0,channel=A-Faster,version=3.1.2]]
35226 [Thread-12-event-stat-persistence] INFO  backtype.storm.daemon.executor - Processing received message source: event-statistics:5, stream: default, id: {}, [22, [indicator=22,strHour=2015030319,osType=0,channel=A-Faster,version=3.1.2]]
35226 [Thread-14-event-statistics] INFO  backtype.storm.daemon.executor - Processing received message source: event-filter:2, stream: default, id: {}, [{"event_code":"101010","install_id":"000000HX","udid":"ABCQQQQQQQQQQQQQQQQQQCBA","event_time":"2015-03-03 10:42:46","duration":"99"}]
35226 [Thread-10-event-stat-persistence] INFO  backtype.storm.daemon.executor - Processing received message source: event-statistics:5, stream: default, id: {}, [23, [indicator=23,strHour=2015030319,osType=0,channel=A-Faster,version=3.1.2]]
35226 [Thread-14-event-statistics] INFO  org.shirdrn.storm.api.common.GenericEventHandler - PlayEndEventHandler: indicators=[31, 32]
35238 [DISPATCHER-002] INFO  org.shirdrn.storm.analytics.calculators.PlayTimesCalculator - COMMAMD => HINCRBY 2015030319::23::S 23::0::A-Faster::3.1.2 1
35269 [Thread-16-event-statistics] INFO  org.shirdrn.storm.api.common.GenericEventHandler - PlayEndEventHandler:  results=[[indicator=31,strHour=2015030311,osType=0,channel=A-Faster,version=3.1.2], [indicator=32,strHour=2015030311,osType=0,channel=A-Faster,version=3.1.2]]
35269 [Thread-16-event-statistics] INFO  backtype.storm.daemon.task - Emitting: event-statistics default [31, [indicator=31,strHour=2015030311,osType=0,channel=A-Faster,version=3.1.2]]
35269 [Thread-16-event-statistics] INFO  backtype.storm.daemon.task - Emitting: event-statistics default [32, [indicator=32,strHour=2015030311,osType=0,channel=A-Faster,version=3.1.2]]
35269 [Thread-10-event-stat-persistence] INFO  backtype.storm.daemon.executor - Processing received message source: event-statistics:6, stream: default, id: {}, [31, [indicator=31,strHour=2015030311,osType=0,channel=A-Faster,version=3.1.2]]
35270 [Thread-16-event-statistics] INFO  backtype.storm.daemon.executor - Processing received message source: event-filter:2, stream: default, id: {}, [{"event_code":"101010","install_id":"000000HX","udid":"ABCQQQQQQQQQQQQQQQQQQCBA","event_time":"2015-03-03 13:42:46","duration":"301"}]
35270 [Thread-12-event-stat-persistence] INFO  backtype.storm.daemon.executor - Processing received message source: event-statistics:6, stream: default, id: {}, [32, [indicator=32,strHour=2015030311,osType=0,channel=A-Faster,version=3.1.2]]
35270 [Thread-16-event-statistics] INFO  org.shirdrn.storm.api.common.GenericEventHandler - PlayEndEventHandler: indicators=[31, 32]
35302 [DISPATCHER-003] INFO  org.shirdrn.storm.analytics.calculators.PlayNUDurationCalculator - COMMAMD => HSET 2015030311::31::NU 31::0::A-Faster::3.1.2::ABCQQQQQQQQQQQQQQQQQQCBA Y
35302 [DISPATCHER-003] INFO  org.shirdrn.storm.analytics.calculators.PlayNUDurationCalculator - COMMAMD => HINCRBY 2015030311::31::S 31::0::A-Faster::3.1.2 147
35303 [DISPATCHER-002] INFO  org.shirdrn.storm.analytics.calculators.PlayAUDurationCalculator - COMMAMD => HSET 2015030311::32::AU 32::0::A-Faster::3.1.2::ABCQQQQQQQQQQQQQQQQQQCBA Y
35303 [DISPATCHER-002] INFO  org.shirdrn.storm.analytics.calculators.PlayAUDurationCalculator - COMMAMD => HINCRBY 2015030311::32::S 32::0::A-Faster::3.1.2 147
35442 [Thread-14-event-statistics] INFO  org.shirdrn.storm.api.common.GenericEventHandler - PlayEndEventHandler:  results=[[indicator=31,strHour=2015030310,osType=0,channel=A-Faster,version=3.1.2], [indicator=32,strHour=2015030310,osType=0,channel=A-Faster,version=3.1.2]]
35443 [Thread-14-event-statistics] INFO  backtype.storm.daemon.task - Emitting: event-statistics default [31, [indicator=31,strHour=2015030310,osType=0,channel=A-Faster,version=3.1.2]]
35444 [Thread-10-event-stat-persistence] INFO  backtype.storm.daemon.executor - Processing received message source: event-statistics:5, stream: default, id: {}, [31, [indicator=31,strHour=2015030310,osType=0,channel=A-Faster,version=3.1.2]]
35447 [Thread-14-event-statistics] INFO  backtype.storm.daemon.task - Emitting: event-statistics default [32, [indicator=32,strHour=2015030310,osType=0,channel=A-Faster,version=3.1.2]]
35448 [Thread-12-event-stat-persistence] INFO  backtype.storm.daemon.executor - Processing received message source: event-statistics:5, stream: default, id: {}, [32, [indicator=32,strHour=2015030310,osType=0,channel=A-Faster,version=3.1.2]]
35448 [Thread-14-event-statistics] INFO  backtype.storm.daemon.executor - Processing received message source: event-filter:2, stream: default, id: {}, [{"event_code":"101010","install_id":"000000HX","udid":"ABCQQQQQQQQQQQQQQQQQQCBA","event_time":"2015-03-03 12:42:46","duration":"1000"}]
35449 [Thread-14-event-statistics] INFO  org.shirdrn.storm.api.common.GenericEventHandler - PlayEndEventHandler: indicators=[31, 32]
35462 [DISPATCHER-001] INFO  org.shirdrn.storm.analytics.calculators.PlayNUDurationCalculator - COMMAMD => HSET 2015030310::31::NU 31::0::A-Faster::3.1.2::ABCQQQQQQQQQQQQQQQQQQCBA Y
35462 [DISPATCHER-001] INFO  org.shirdrn.storm.analytics.calculators.PlayNUDurationCalculator - COMMAMD => HINCRBY 2015030310::31::S 31::0::A-Faster::3.1.2 99
35462 [DISPATCHER-003] INFO  org.shirdrn.storm.analytics.calculators.PlayAUDurationCalculator - COMMAMD => HSET 2015030310::32::AU 32::0::A-Faster::3.1.2::ABCQQQQQQQQQQQQQQQQQQCBA Y
35462 [DISPATCHER-003] INFO  org.shirdrn.storm.analytics.calculators.PlayAUDurationCalculator - COMMAMD => HINCRBY 2015030310::32::S 32::0::A-Faster::3.1.2 99
35483 [Thread-16-event-statistics] INFO  org.shirdrn.storm.api.common.GenericEventHandler - PlayEndEventHandler:  results=[[indicator=31,strHour=2015030313,osType=0,channel=A-Faster,version=3.1.2], [indicator=32,strHour=2015030313,osType=0,channel=A-Faster,version=3.1.2]]
35483 [Thread-16-event-statistics] INFO  backtype.storm.daemon.task - Emitting: event-statistics default [31, [indicator=31,strHour=2015030313,osType=0,channel=A-Faster,version=3.1.2]]
35484 [Thread-16-event-statistics] INFO  backtype.storm.daemon.task - Emitting: event-statistics default [32, [indicator=32,strHour=2015030313,osType=0,channel=A-Faster,version=3.1.2]]
35484 [Thread-10-event-stat-persistence] INFO  backtype.storm.daemon.executor - Processing received message source: event-statistics:6, stream: default, id: {}, [31, [indicator=31,strHour=2015030313,osType=0,channel=A-Faster,version=3.1.2]]
35484 [Thread-12-event-stat-persistence] INFO  backtype.storm.daemon.executor - Processing received message source: event-statistics:6, stream: default, id: {}, [32, [indicator=32,strHour=2015030313,osType=0,channel=A-Faster,version=3.1.2]]
35544 [DISPATCHER-002] INFO  org.shirdrn.storm.analytics.calculators.PlayNUDurationCalculator - COMMAMD => HSET 2015030313::31::NU 31::0::A-Faster::3.1.2::ABCQQQQQQQQQQQQQQQQQQCBA Y
35544 [DISPATCHER-002] INFO  org.shirdrn.storm.analytics.calculators.PlayNUDurationCalculator - COMMAMD => HINCRBY 2015030313::31::S 31::0::A-Faster::3.1.2 301
35544 [DISPATCHER-001] INFO  org.shirdrn.storm.analytics.calculators.PlayAUDurationCalculator - COMMAMD => HSET 2015030313::32::AU 32::0::A-Faster::3.1.2::ABCQQQQQQQQQQQQQQQQQQCBA Y
35544 [DISPATCHER-001] INFO  org.shirdrn.storm.analytics.calculators.PlayAUDurationCalculator - COMMAMD => HINCRBY 2015030313::32::S 32::0::A-Faster::3.1.2 301
35738 [Thread-14-event-statistics] INFO  org.shirdrn.storm.api.common.GenericEventHandler - PlayEndEventHandler:  results=[[indicator=31,strHour=2015030312,osType=0,channel=A-Faster,version=3.1.2], [indicator=32,strHour=2015030312,osType=0,channel=A-Faster,version=3.1.2]]
35739 [Thread-14-event-statistics] INFO  backtype.storm.daemon.task - Emitting: event-statistics default [31, [indicator=31,strHour=2015030312,osType=0,channel=A-Faster,version=3.1.2]]
35740 [Thread-14-event-statistics] INFO  backtype.storm.daemon.task - Emitting: event-statistics default [32, [indicator=32,strHour=2015030312,osType=0,channel=A-Faster,version=3.1.2]]
35740 [Thread-10-event-stat-persistence] INFO  backtype.storm.daemon.executor - Processing received message source: event-statistics:5, stream: default, id: {}, [31, [indicator=31,strHour=2015030312,osType=0,channel=A-Faster,version=3.1.2]]
35741 [Thread-14-event-statistics] INFO  backtype.storm.daemon.executor - Processing received message source: event-filter:2, stream: default, id: {}, [{"event_code":"101010","install_id":"000000HX","udid":"ABCQQQQQQQQQQQQQQQQQQCBA","event_time":"2015-03-03 14:25:13","duration":"1022"}]
35741 [Thread-12-event-stat-persistence] INFO  backtype.storm.daemon.executor - Processing received message source: event-statistics:5, stream: default, id: {}, [32, [indicator=32,strHour=2015030312,osType=0,channel=A-Faster,version=3.1.2]]
35742 [Thread-14-event-statistics] INFO  org.shirdrn.storm.api.common.GenericEventHandler - PlayEndEventHandler: indicators=[31, 32]
35752 [DISPATCHER-003] INFO  org.shirdrn.storm.analytics.calculators.PlayNUDurationCalculator - COMMAMD => HSET 2015030312::31::NU 31::0::A-Faster::3.1.2::ABCQQQQQQQQQQQQQQQQQQCBA Y
35752 [DISPATCHER-002] INFO  org.shirdrn.storm.analytics.calculators.PlayAUDurationCalculator - COMMAMD => HSET 2015030312::32::AU 32::0::A-Faster::3.1.2::ABCQQQQQQQQQQQQQQQQQQCBA Y
35752 [DISPATCHER-003] INFO  org.shirdrn.storm.analytics.calculators.PlayNUDurationCalculator - COMMAMD => HINCRBY 2015030312::31::S 31::0::A-Faster::3.1.2 1000
35752 [DISPATCHER-002] INFO  org.shirdrn.storm.analytics.calculators.PlayAUDurationCalculator - COMMAMD => HINCRBY 2015030312::32::S 32::0::A-Faster::3.1.2 1000
36038 [Thread-14-event-statistics] INFO  org.shirdrn.storm.api.common.GenericEventHandler - PlayEndEventHandler:  results=[[indicator=31,strHour=2015030314,osType=0,channel=A-Faster,version=3.1.2], [indicator=32,strHour=2015030314,osType=0,channel=A-Faster,version=3.1.2]]
36038 [Thread-14-event-statistics] INFO  backtype.storm.daemon.task - Emitting: event-statistics default [31, [indicator=31,strHour=2015030314,osType=0,channel=A-Faster,version=3.1.2]]
36039 [Thread-14-event-statistics] INFO  backtype.storm.daemon.task - Emitting: event-statistics default [32, [indicator=32,strHour=2015030314,osType=0,channel=A-Faster,version=3.1.2]]
36039 [Thread-10-event-stat-persistence] INFO  backtype.storm.daemon.executor - Processing received message source: event-statistics:5, stream: default, id: {}, [31, [indicator=31,strHour=2015030314,osType=0,channel=A-Faster,version=3.1.2]]
36040 [Thread-12-event-stat-persistence] INFO  backtype.storm.daemon.executor - Processing received message source: event-statistics:5, stream: default, id: {}, [32, [indicator=32,strHour=2015030314,osType=0,channel=A-Faster,version=3.1.2]]
36099 [DISPATCHER-001] INFO  org.shirdrn.storm.analytics.calculators.PlayNUDurationCalculator - COMMAMD => HSET 2015030314::31::NU 31::0::A-Faster::3.1.2::ABCQQQQQQQQQQQQQQQQQQCBA Y
36099 [DISPATCHER-003] INFO  org.shirdrn.storm.analytics.calculators.PlayAUDurationCalculator - COMMAMD => HSET 2015030314::32::AU 32::0::A-Faster::3.1.2::ABCQQQQQQQQQQQQQQQQQQCBA Y
36099 [DISPATCHER-001] INFO  org.shirdrn.storm.analytics.calculators.PlayNUDurationCalculator - COMMAMD => HINCRBY 2015030314::31::S 31::0::A-Faster::3.1.2 1022
36099 [DISPATCHER-003] INFO  org.shirdrn.storm.analytics.calculators.PlayAUDurationCalculator - COMMAMD => HINCRBY 2015030314::32::S 32::0::A-Faster::3.1.2 1022
